2025-05-25 13:19:32,847 - INFO - ==================================================
2025-05-25 13:19:32,848 - INFO - Training Parameters:
2025-05-25 13:19:32,848 - INFO - batch_size: 8
2025-05-25 13:19:32,848 - INFO - dist_url: env://
2025-05-25 13:19:32,848 - INFO - epochs: 50
2025-05-25 13:19:32,849 - INFO - exp_name: 0524_panorama_images1_gpu4_ep50_bs32_lr2e-5
2025-05-25 13:19:32,849 - INFO - freeze_backbone: False
2025-05-25 13:19:32,849 - INFO - image_path: /home/zhongxinyu/capstone/HK/datasets/panorama_images_1
2025-05-25 13:19:32,849 - INFO - label_path: /home/zhongxinyu/capstone/HK/datasets/sampled_labels.csv
2025-05-25 13:19:32,849 - INFO - log_dir: /home/zhongxinyu/capstone/HK/DeepLabV3Plus-Pytorch-master/logs
2025-05-25 13:19:32,849 - INFO - log_interval: 10
2025-05-25 13:19:32,849 - INFO - lr: 0.0001
2025-05-25 13:19:32,849 - INFO - master_addr: localhost
2025-05-25 13:19:32,850 - INFO - master_port: 12345
2025-05-25 13:19:32,850 - INFO - min_lr: 1e-07
2025-05-25 13:19:32,850 - INFO - nproc_per_node: 4
2025-05-25 13:19:32,850 - INFO - pretrained: /home/zhongxinyu/capstone/HK/DeepLabV3Plus-Pytorch-master/checkpoints/best_deeplabv3plus_resnet101_cityscapes_os16.pth.tar
2025-05-25 13:19:32,850 - INFO - rank: 0
2025-05-25 13:19:32,850 - INFO - save_path: /home/zhongxinyu/capstone/HK/DeepLabV3Plus-Pytorch-master/checkpoints/best_regression_model.pth
2025-05-25 13:19:32,850 - INFO - warmup_epochs: 1
2025-05-25 13:19:32,851 - INFO - world_size: 4
2025-05-25 13:19:32,851 - INFO - Date: 2025-05-25 13:19:32
2025-05-25 13:19:32,851 - INFO - PyTorch Version: 1.12.0
2025-05-25 13:19:32,851 - INFO - GPU Count: 8
2025-05-25 13:19:32,857 - INFO - GPU 0: Tesla V100-PCIE-32GB
2025-05-25 13:19:32,857 - INFO - GPU 1: Tesla V100-PCIE-32GB
2025-05-25 13:19:32,858 - INFO - GPU 2: Tesla V100-PCIE-32GB
2025-05-25 13:19:32,858 - INFO - GPU 3: Tesla V100-PCIE-32GB
2025-05-25 13:19:32,858 - INFO - GPU 4: Tesla V100-PCIE-32GB
2025-05-25 13:19:32,858 - INFO - GPU 5: Tesla V100-PCIE-32GB
2025-05-25 13:19:32,858 - INFO - GPU 6: Tesla V100-PCIE-32GB
2025-05-25 13:19:32,859 - INFO - GPU 7: Tesla V100-PCIE-32GB
2025-05-25 13:19:32,859 - INFO - ==================================================
2025-05-25 13:19:39,951 - INFO - 预训练权重加载完成: /home/zhongxinyu/capstone/HK/DeepLabV3Plus-Pytorch-master/checkpoints/best_deeplabv3plus_resnet101_cityscapes_os16.pth.tar
2025-05-25 13:19:52,043 - INFO - Step 10 | Batch 10/176 | Train Loss: 1.8519 | LR: 1.00e-04
2025-05-25 13:19:57,133 - INFO - Step 20 | Batch 20/176 | Train Loss: 1.0603 | LR: 1.00e-04
2025-05-25 13:20:02,114 - INFO - Step 30 | Batch 30/176 | Train Loss: 1.7688 | LR: 1.00e-04
2025-05-25 13:20:07,463 - INFO - Step 40 | Batch 40/176 | Train Loss: 1.3008 | LR: 1.00e-04
2025-05-25 13:20:12,911 - INFO - Step 50 | Batch 50/176 | Train Loss: 1.3275 | LR: 1.00e-04
2025-05-25 13:20:18,574 - INFO - Step 60 | Batch 60/176 | Train Loss: 0.8437 | LR: 1.00e-04
2025-05-25 13:20:25,036 - INFO - Step 70 | Batch 70/176 | Train Loss: 0.1080 | LR: 1.00e-04
2025-05-25 13:20:30,574 - INFO - Step 80 | Batch 80/176 | Train Loss: 0.4491 | LR: 1.00e-04
2025-05-25 13:20:35,731 - INFO - Step 90 | Batch 90/176 | Train Loss: 0.2576 | LR: 1.00e-04
2025-05-25 13:20:39,726 - INFO - Step 100 | Batch 100/176 | Train Loss: 1.6298 | LR: 1.00e-04
2025-05-25 13:20:44,898 - INFO - Step 110 | Batch 110/176 | Train Loss: 1.3998 | LR: 1.00e-04
2025-05-25 13:20:49,941 - INFO - Step 120 | Batch 120/176 | Train Loss: 1.2136 | LR: 1.00e-04
2025-05-25 13:20:55,080 - INFO - Step 130 | Batch 130/176 | Train Loss: 0.3507 | LR: 1.00e-04
2025-05-25 13:21:00,306 - INFO - Step 140 | Batch 140/176 | Train Loss: 0.7248 | LR: 1.00e-04
2025-05-25 13:21:05,686 - INFO - Step 150 | Batch 150/176 | Train Loss: 2.4173 | LR: 1.00e-04
2025-05-25 13:21:10,696 - INFO - Step 160 | Batch 160/176 | Train Loss: 1.7229 | LR: 1.00e-04
2025-05-25 13:21:15,892 - INFO - Step 170 | Batch 170/176 | Train Loss: 0.8055 | LR: 1.00e-04
2025-05-25 13:21:29,443 - INFO - Validation Loss: 0.9351
2025-05-25 13:21:30,284 - INFO - New best model saved with val_loss: 0.9690
2025-05-25 13:21:30,286 - INFO - Epoch 1/50 Summary:
2025-05-25 13:21:30,286 - INFO - Train Loss: 1.0387 | Val Loss: 0.9690 | Best Val Loss: 0.9690
2025-05-25 13:21:30,287 - INFO - --------------------------------------------------
2025-05-25 13:21:35,226 - INFO - Step 186 | Batch 10/176 | Train Loss: 0.9117 | LR: 1.00e-04
2025-05-25 13:21:40,240 - INFO - Step 196 | Batch 20/176 | Train Loss: 0.8636 | LR: 1.00e-04
2025-05-25 13:21:45,365 - INFO - Step 206 | Batch 30/176 | Train Loss: 0.9504 | LR: 1.00e-04
2025-05-25 13:21:50,639 - INFO - Step 216 | Batch 40/176 | Train Loss: 0.3246 | LR: 1.00e-04
2025-05-25 13:21:55,643 - INFO - Step 226 | Batch 50/176 | Train Loss: 0.4507 | LR: 1.00e-04
2025-05-25 13:22:00,961 - INFO - Step 236 | Batch 60/176 | Train Loss: 1.4394 | LR: 1.00e-04
2025-05-25 13:22:06,069 - INFO - Step 246 | Batch 70/176 | Train Loss: 3.4874 | LR: 1.00e-04
2025-05-25 13:22:10,881 - INFO - Step 256 | Batch 80/176 | Train Loss: 0.1068 | LR: 1.00e-04
2025-05-25 13:22:15,011 - INFO - Step 266 | Batch 90/176 | Train Loss: 0.8265 | LR: 1.00e-04
2025-05-25 13:22:19,325 - INFO - Step 276 | Batch 100/176 | Train Loss: 0.4386 | LR: 1.00e-04
2025-05-25 13:22:25,362 - INFO - Step 286 | Batch 110/176 | Train Loss: 0.4935 | LR: 1.00e-04
2025-05-25 13:22:30,622 - INFO - Step 296 | Batch 120/176 | Train Loss: 0.1083 | LR: 1.00e-04
2025-05-25 13:22:35,833 - INFO - Step 306 | Batch 130/176 | Train Loss: 2.0238 | LR: 1.00e-04
2025-05-25 13:22:40,975 - INFO - Step 316 | Batch 140/176 | Train Loss: 1.5396 | LR: 1.00e-04
2025-05-25 13:22:46,241 - INFO - Step 326 | Batch 150/176 | Train Loss: 0.5464 | LR: 1.00e-04
2025-05-25 13:22:51,500 - INFO - Step 336 | Batch 160/176 | Train Loss: 0.3831 | LR: 1.00e-04
2025-05-25 13:22:56,734 - INFO - Step 346 | Batch 170/176 | Train Loss: 0.7482 | LR: 1.00e-04
2025-05-25 13:23:09,321 - INFO - Validation Loss: 0.8181
2025-05-25 13:23:10,079 - INFO - New best model saved with val_loss: 0.9261
2025-05-25 13:23:10,083 - INFO - Epoch 2/50 Summary:
2025-05-25 13:23:10,083 - INFO - Train Loss: 0.9102 | Val Loss: 0.9261 | Best Val Loss: 0.9261
2025-05-25 13:23:10,083 - INFO - --------------------------------------------------
2025-05-25 13:23:15,102 - INFO - Step 362 | Batch 10/176 | Train Loss: 0.2331 | LR: 1.00e-04
2025-05-25 13:23:20,557 - INFO - Step 372 | Batch 20/176 | Train Loss: 0.9248 | LR: 1.00e-04
2025-05-25 13:23:26,347 - INFO - Step 382 | Batch 30/176 | Train Loss: 1.4650 | LR: 1.00e-04
2025-05-25 13:23:31,479 - INFO - Step 392 | Batch 40/176 | Train Loss: 0.7195 | LR: 1.00e-04
2025-05-25 13:23:36,530 - INFO - Step 402 | Batch 50/176 | Train Loss: 0.8400 | LR: 1.00e-04
2025-05-25 13:23:41,831 - INFO - Step 412 | Batch 60/176 | Train Loss: 0.0449 | LR: 1.00e-04
2025-05-25 13:23:46,823 - INFO - Step 422 | Batch 70/176 | Train Loss: 0.0816 | LR: 1.00e-04
2025-05-25 13:23:51,947 - INFO - Step 432 | Batch 80/176 | Train Loss: 0.0289 | LR: 1.00e-04
2025-05-25 13:23:57,649 - INFO - Step 442 | Batch 90/176 | Train Loss: 0.7040 | LR: 1.00e-04
2025-05-25 13:24:03,270 - INFO - Step 452 | Batch 100/176 | Train Loss: 0.1108 | LR: 1.00e-04
2025-05-25 13:24:08,400 - INFO - Step 462 | Batch 110/176 | Train Loss: 1.9822 | LR: 1.00e-04
2025-05-25 13:24:13,956 - INFO - Step 472 | Batch 120/176 | Train Loss: 1.3510 | LR: 1.00e-04
2025-05-25 13:24:19,174 - INFO - Step 482 | Batch 130/176 | Train Loss: 0.2338 | LR: 1.00e-04
2025-05-25 13:24:25,631 - INFO - Step 492 | Batch 140/176 | Train Loss: 0.0426 | LR: 1.00e-04
2025-05-25 13:24:30,790 - INFO - Step 502 | Batch 150/176 | Train Loss: 1.0147 | LR: 1.00e-04
2025-05-25 13:24:35,754 - INFO - Step 512 | Batch 160/176 | Train Loss: 1.7909 | LR: 1.00e-04
2025-05-25 13:24:40,641 - INFO - Step 522 | Batch 170/176 | Train Loss: 0.2560 | LR: 1.00e-04
2025-05-25 13:24:54,003 - INFO - Validation Loss: 0.9626
2025-05-25 13:24:54,199 - INFO - Epoch 3/50 Summary:
2025-05-25 13:24:54,200 - INFO - Train Loss: 0.9449 | Val Loss: 0.9930 | Best Val Loss: 0.9261
2025-05-25 13:24:54,200 - INFO - --------------------------------------------------
2025-05-25 13:24:59,602 - INFO - Step 538 | Batch 10/176 | Train Loss: 0.2918 | LR: 1.00e-04
2025-05-25 13:25:04,683 - INFO - Step 548 | Batch 20/176 | Train Loss: 0.2808 | LR: 1.00e-04
2025-05-25 13:25:09,838 - INFO - Step 558 | Batch 30/176 | Train Loss: 0.0294 | LR: 1.00e-04
2025-05-25 13:25:15,035 - INFO - Step 568 | Batch 40/176 | Train Loss: 0.6333 | LR: 1.00e-04
2025-05-25 13:25:20,721 - INFO - Step 578 | Batch 50/176 | Train Loss: 1.3463 | LR: 1.00e-04
2025-05-25 13:25:26,621 - INFO - Step 588 | Batch 60/176 | Train Loss: 0.1685 | LR: 1.00e-04
2025-05-25 13:25:31,928 - INFO - Step 598 | Batch 70/176 | Train Loss: 1.1069 | LR: 1.00e-04
2025-05-25 13:25:36,993 - INFO - Step 608 | Batch 80/176 | Train Loss: 0.0956 | LR: 1.00e-04
2025-05-25 13:25:42,236 - INFO - Step 618 | Batch 90/176 | Train Loss: 1.9492 | LR: 1.00e-04
2025-05-25 13:25:47,338 - INFO - Step 628 | Batch 100/176 | Train Loss: 0.9859 | LR: 1.00e-04
2025-05-25 13:25:52,586 - INFO - Step 638 | Batch 110/176 | Train Loss: 0.0088 | LR: 1.00e-04
2025-05-25 13:25:57,788 - INFO - Step 648 | Batch 120/176 | Train Loss: 0.9594 | LR: 1.00e-04
2025-05-25 13:26:03,040 - INFO - Step 658 | Batch 130/176 | Train Loss: 1.7472 | LR: 1.00e-04
2025-05-25 13:26:08,385 - INFO - Step 668 | Batch 140/176 | Train Loss: 0.1337 | LR: 1.00e-04
2025-05-25 13:26:13,623 - INFO - Step 678 | Batch 150/176 | Train Loss: 0.0744 | LR: 1.00e-04
2025-05-25 13:26:19,225 - INFO - Step 688 | Batch 160/176 | Train Loss: 1.8286 | LR: 1.00e-04
2025-05-25 13:26:33,062 - INFO - Step 698 | Batch 170/176 | Train Loss: 0.1323 | LR: 1.00e-04
2025-05-25 13:26:44,722 - INFO - Validation Loss: 0.7594
2025-05-25 13:26:45,493 - INFO - New best model saved with val_loss: 0.8434
2025-05-25 13:26:45,494 - INFO - Epoch 4/50 Summary:
2025-05-25 13:26:45,494 - INFO - Train Loss: 0.8994 | Val Loss: 0.8434 | Best Val Loss: 0.8434
2025-05-25 13:26:45,494 - INFO - --------------------------------------------------
2025-05-25 13:26:50,512 - INFO - Step 714 | Batch 10/176 | Train Loss: 0.3630 | LR: 1.00e-04
2025-05-25 13:26:55,683 - INFO - Step 724 | Batch 20/176 | Train Loss: 0.9934 | LR: 1.00e-04
2025-05-25 13:27:00,949 - INFO - Step 734 | Batch 30/176 | Train Loss: 0.0700 | LR: 1.00e-04
2025-05-25 13:27:06,446 - INFO - Step 744 | Batch 40/176 | Train Loss: 0.2096 | LR: 1.00e-04
2025-05-25 13:27:12,001 - INFO - Step 754 | Batch 50/176 | Train Loss: 1.5590 | LR: 1.00e-04
2025-05-25 13:27:17,630 - INFO - Step 764 | Batch 60/176 | Train Loss: 0.5624 | LR: 1.00e-04
2025-05-25 13:27:24,371 - INFO - Step 774 | Batch 70/176 | Train Loss: 0.8241 | LR: 1.00e-04
2025-05-25 13:27:29,920 - INFO - Step 784 | Batch 80/176 | Train Loss: 3.2283 | LR: 1.00e-04
2025-05-25 13:27:35,392 - INFO - Step 794 | Batch 90/176 | Train Loss: 0.8645 | LR: 1.00e-04
2025-05-25 13:27:40,860 - INFO - Step 804 | Batch 100/176 | Train Loss: 1.9661 | LR: 1.00e-04
2025-05-25 13:27:46,286 - INFO - Step 814 | Batch 110/176 | Train Loss: 1.4698 | LR: 1.00e-04
2025-05-25 13:27:51,468 - INFO - Step 824 | Batch 120/176 | Train Loss: 0.2387 | LR: 1.00e-04
2025-05-25 13:27:56,480 - INFO - Step 834 | Batch 130/176 | Train Loss: 1.1529 | LR: 1.00e-04
2025-05-25 13:28:01,763 - INFO - Step 844 | Batch 140/176 | Train Loss: 0.7396 | LR: 1.00e-04
2025-05-25 13:28:07,106 - INFO - Step 854 | Batch 150/176 | Train Loss: 0.2468 | LR: 1.00e-04
2025-05-25 13:28:12,549 - INFO - Step 864 | Batch 160/176 | Train Loss: 0.2838 | LR: 1.00e-04
2025-05-25 13:28:17,990 - INFO - Step 874 | Batch 170/176 | Train Loss: 1.1453 | LR: 1.00e-04
2025-05-25 13:28:35,253 - INFO - Validation Loss: 0.9249
2025-05-25 13:28:35,564 - INFO - Epoch 5/50 Summary:
2025-05-25 13:28:35,564 - INFO - Train Loss: 0.9411 | Val Loss: 0.9302 | Best Val Loss: 0.8434
2025-05-25 13:28:35,564 - INFO - --------------------------------------------------
2025-05-25 13:28:40,710 - INFO - Step 890 | Batch 10/176 | Train Loss: 1.2885 | LR: 1.00e-04
2025-05-25 13:28:46,134 - INFO - Step 900 | Batch 20/176 | Train Loss: 1.7677 | LR: 1.00e-04
2025-05-25 13:28:51,497 - INFO - Step 910 | Batch 30/176 | Train Loss: 0.0130 | LR: 1.00e-04
2025-05-25 13:28:57,031 - INFO - Step 920 | Batch 40/176 | Train Loss: 0.4398 | LR: 1.00e-04
2025-05-25 13:29:02,398 - INFO - Step 930 | Batch 50/176 | Train Loss: 0.1294 | LR: 1.00e-04
2025-05-25 13:29:07,744 - INFO - Step 940 | Batch 60/176 | Train Loss: 1.3001 | LR: 1.00e-04
2025-05-25 13:29:13,019 - INFO - Step 950 | Batch 70/176 | Train Loss: 0.6588 | LR: 1.00e-04
2025-05-25 13:29:18,535 - INFO - Step 960 | Batch 80/176 | Train Loss: 1.4693 | LR: 1.00e-04
2025-05-25 13:29:25,361 - INFO - Step 970 | Batch 90/176 | Train Loss: 0.3920 | LR: 1.00e-04
2025-05-25 13:29:30,897 - INFO - Step 980 | Batch 100/176 | Train Loss: 1.6379 | LR: 1.00e-04
2025-05-25 13:29:36,386 - INFO - Step 990 | Batch 110/176 | Train Loss: 1.1149 | LR: 1.00e-04
2025-05-25 13:29:40,734 - INFO - Step 1000 | Batch 120/176 | Train Loss: 0.4789 | LR: 1.00e-04
2025-05-25 13:29:46,209 - INFO - Step 1010 | Batch 130/176 | Train Loss: 0.8247 | LR: 1.00e-04
2025-05-25 13:29:51,667 - INFO - Step 1020 | Batch 140/176 | Train Loss: 0.0195 | LR: 1.00e-04
2025-05-25 13:29:56,733 - INFO - Step 1030 | Batch 150/176 | Train Loss: 0.6236 | LR: 1.00e-04
2025-05-25 13:30:02,539 - INFO - Step 1040 | Batch 160/176 | Train Loss: 0.3530 | LR: 1.00e-04
2025-05-25 13:30:08,018 - INFO - Step 1050 | Batch 170/176 | Train Loss: 2.0877 | LR: 1.00e-04
2025-05-25 13:30:27,228 - INFO - Validation Loss: 1.1452
2025-05-25 13:30:27,851 - INFO - Epoch 6/50 Summary:
2025-05-25 13:30:27,851 - INFO - Train Loss: 0.8354 | Val Loss: 1.2795 | Best Val Loss: 0.8434
2025-05-25 13:30:27,851 - INFO - --------------------------------------------------
2025-05-25 13:30:33,124 - INFO - Step 1066 | Batch 10/176 | Train Loss: 1.4026 | LR: 1.00e-04
2025-05-25 13:30:38,549 - INFO - Step 1076 | Batch 20/176 | Train Loss: 1.0224 | LR: 1.00e-04
2025-05-25 13:30:43,958 - INFO - Step 1086 | Batch 30/176 | Train Loss: 0.5334 | LR: 1.00e-04
2025-05-25 13:30:49,353 - INFO - Step 1096 | Batch 40/176 | Train Loss: 0.7526 | LR: 1.00e-04
2025-05-25 13:30:54,834 - INFO - Step 1106 | Batch 50/176 | Train Loss: 0.0599 | LR: 1.00e-04
2025-05-25 13:31:00,169 - INFO - Step 1116 | Batch 60/176 | Train Loss: 0.0327 | LR: 1.00e-04
2025-05-25 13:31:05,502 - INFO - Step 1126 | Batch 70/176 | Train Loss: 0.3319 | LR: 1.00e-04
2025-05-25 13:31:10,844 - INFO - Step 1136 | Batch 80/176 | Train Loss: 0.8264 | LR: 1.00e-04
2025-05-25 13:31:16,303 - INFO - Step 1146 | Batch 90/176 | Train Loss: 0.3356 | LR: 1.00e-04
2025-05-25 13:31:22,766 - INFO - Step 1156 | Batch 100/176 | Train Loss: 1.1411 | LR: 1.00e-04
2025-05-25 13:31:28,610 - INFO - Step 1166 | Batch 110/176 | Train Loss: 0.4385 | LR: 1.00e-04
2025-05-25 13:31:34,506 - INFO - Step 1176 | Batch 120/176 | Train Loss: 0.9333 | LR: 1.00e-04
2025-05-25 13:31:40,097 - INFO - Step 1186 | Batch 130/176 | Train Loss: 0.8892 | LR: 1.00e-04
2025-05-25 13:31:45,829 - INFO - Step 1196 | Batch 140/176 | Train Loss: 0.0609 | LR: 1.00e-04
2025-05-25 13:31:51,975 - INFO - Step 1206 | Batch 150/176 | Train Loss: 0.4278 | LR: 1.00e-04
2025-05-25 13:31:58,263 - INFO - Step 1216 | Batch 160/176 | Train Loss: 0.8565 | LR: 1.00e-04
2025-05-25 13:32:04,569 - INFO - Step 1226 | Batch 170/176 | Train Loss: 1.5090 | LR: 1.00e-04
2025-05-25 13:32:25,465 - INFO - Validation Loss: 0.8557
2025-05-25 13:32:26,647 - INFO - Epoch 7/50 Summary:
2025-05-25 13:32:26,648 - INFO - Train Loss: 0.8884 | Val Loss: 0.8811 | Best Val Loss: 0.8434
2025-05-25 13:32:26,648 - INFO - --------------------------------------------------
2025-05-25 13:32:32,650 - INFO - Step 1242 | Batch 10/176 | Train Loss: 0.5743 | LR: 1.00e-04
2025-05-25 13:32:38,116 - INFO - Step 1252 | Batch 20/176 | Train Loss: 1.0333 | LR: 1.00e-04
2025-05-25 13:32:43,482 - INFO - Step 1262 | Batch 30/176 | Train Loss: 1.7001 | LR: 1.00e-04
2025-05-25 13:32:48,609 - INFO - Step 1272 | Batch 40/176 | Train Loss: 1.1236 | LR: 1.00e-04
2025-05-25 13:32:53,519 - INFO - Step 1282 | Batch 50/176 | Train Loss: 0.0360 | LR: 1.00e-04
2025-05-25 13:32:57,507 - INFO - Step 1292 | Batch 60/176 | Train Loss: 0.7177 | LR: 1.00e-04
2025-05-25 13:33:01,557 - INFO - Step 1302 | Batch 70/176 | Train Loss: 1.2638 | LR: 1.00e-04
2025-05-25 13:33:05,592 - INFO - Step 1312 | Batch 80/176 | Train Loss: 1.0527 | LR: 1.00e-04
2025-05-25 13:33:09,843 - INFO - Step 1322 | Batch 90/176 | Train Loss: 0.8816 | LR: 1.00e-04
2025-05-25 13:33:14,003 - INFO - Step 1332 | Batch 100/176 | Train Loss: 0.4614 | LR: 1.00e-04
2025-05-25 13:33:18,067 - INFO - Step 1342 | Batch 110/176 | Train Loss: 0.4151 | LR: 1.00e-04
2025-05-25 13:33:23,610 - INFO - Step 1352 | Batch 120/176 | Train Loss: 0.8339 | LR: 1.00e-04
2025-05-25 13:33:28,053 - INFO - Step 1362 | Batch 130/176 | Train Loss: 0.1096 | LR: 1.00e-04
2025-05-25 13:33:32,185 - INFO - Step 1372 | Batch 140/176 | Train Loss: 0.4245 | LR: 1.00e-04
2025-05-25 13:33:36,411 - INFO - Step 1382 | Batch 150/176 | Train Loss: 0.2158 | LR: 1.00e-04
2025-05-25 13:33:40,319 - INFO - Step 1392 | Batch 160/176 | Train Loss: 0.4871 | LR: 1.00e-04
2025-05-25 13:33:44,136 - INFO - Step 1402 | Batch 170/176 | Train Loss: 1.1302 | LR: 1.00e-04
2025-05-25 13:33:55,599 - INFO - Validation Loss: 0.8278
2025-05-25 13:33:56,544 - INFO - New best model saved with val_loss: 0.8142
2025-05-25 13:33:56,544 - INFO - Epoch 8/50 Summary:
2025-05-25 13:33:56,544 - INFO - Train Loss: 0.7822 | Val Loss: 0.8142 | Best Val Loss: 0.8142
2025-05-25 13:33:56,544 - INFO - --------------------------------------------------
2025-05-25 13:34:01,746 - INFO - Step 1418 | Batch 10/176 | Train Loss: 0.0608 | LR: 1.00e-04
2025-05-25 13:34:06,761 - INFO - Step 1428 | Batch 20/176 | Train Loss: 0.7174 | LR: 1.00e-04
2025-05-25 13:34:11,534 - INFO - Step 1438 | Batch 30/176 | Train Loss: 0.2443 | LR: 1.00e-04
2025-05-25 13:34:16,844 - INFO - Step 1448 | Batch 40/176 | Train Loss: 0.8238 | LR: 1.00e-04
2025-05-25 13:34:23,119 - INFO - Step 1458 | Batch 50/176 | Train Loss: 1.1562 | LR: 1.00e-04
2025-05-25 13:34:28,672 - INFO - Step 1468 | Batch 60/176 | Train Loss: 0.9726 | LR: 1.00e-04
2025-05-25 13:34:33,930 - INFO - Step 1478 | Batch 70/176 | Train Loss: 2.2224 | LR: 1.00e-04
2025-05-25 13:34:39,057 - INFO - Step 1488 | Batch 80/176 | Train Loss: 0.8063 | LR: 1.00e-04
2025-05-25 13:34:44,291 - INFO - Step 1498 | Batch 90/176 | Train Loss: 1.2676 | LR: 1.00e-04
2025-05-25 13:34:49,536 - INFO - Step 1508 | Batch 100/176 | Train Loss: 0.8870 | LR: 1.00e-04
2025-05-25 13:34:54,766 - INFO - Step 1518 | Batch 110/176 | Train Loss: 3.1024 | LR: 1.00e-04
2025-05-25 13:35:00,107 - INFO - Step 1528 | Batch 120/176 | Train Loss: 2.1060 | LR: 1.00e-04
2025-05-25 13:35:05,304 - INFO - Step 1538 | Batch 130/176 | Train Loss: 0.3037 | LR: 1.00e-04
2025-05-25 13:35:10,398 - INFO - Step 1548 | Batch 140/176 | Train Loss: 0.9916 | LR: 1.00e-04
2025-05-25 13:35:15,653 - INFO - Step 1558 | Batch 150/176 | Train Loss: 0.4441 | LR: 1.00e-04
2025-05-25 13:35:21,614 - INFO - Step 1568 | Batch 160/176 | Train Loss: 0.9332 | LR: 1.00e-04
2025-05-25 13:35:27,582 - INFO - Step 1578 | Batch 170/176 | Train Loss: 1.9863 | LR: 1.00e-04
2025-05-25 13:35:40,379 - INFO - Validation Loss: 0.8441
2025-05-25 13:35:40,409 - INFO - Epoch 9/50 Summary:
2025-05-25 13:35:40,409 - INFO - Train Loss: 0.9436 | Val Loss: 0.9129 | Best Val Loss: 0.8142
2025-05-25 13:35:40,409 - INFO - --------------------------------------------------
2025-05-25 13:35:45,659 - INFO - Step 1594 | Batch 10/176 | Train Loss: 0.2621 | LR: 1.00e-04
2025-05-25 13:35:51,113 - INFO - Step 1604 | Batch 20/176 | Train Loss: 0.8527 | LR: 1.00e-04
2025-05-25 13:35:56,362 - INFO - Step 1614 | Batch 30/176 | Train Loss: 2.1600 | LR: 1.00e-04
2025-05-25 13:36:01,709 - INFO - Step 1624 | Batch 40/176 | Train Loss: 2.6490 | LR: 1.00e-04
2025-05-25 13:36:06,939 - INFO - Step 1634 | Batch 50/176 | Train Loss: 2.0164 | LR: 1.00e-04
2025-05-25 13:36:12,198 - INFO - Step 1644 | Batch 60/176 | Train Loss: 1.3948 | LR: 1.00e-04
2025-05-25 13:36:17,682 - INFO - Step 1654 | Batch 70/176 | Train Loss: 1.4147 | LR: 1.00e-04
2025-05-25 13:36:24,262 - INFO - Step 1664 | Batch 80/176 | Train Loss: 0.3584 | LR: 1.00e-04
2025-05-25 13:36:29,387 - INFO - Step 1674 | Batch 90/176 | Train Loss: 0.2983 | LR: 1.00e-04
2025-05-25 13:36:34,464 - INFO - Step 1684 | Batch 100/176 | Train Loss: 0.1264 | LR: 1.00e-04
2025-05-25 13:36:39,007 - INFO - Step 1694 | Batch 110/176 | Train Loss: 0.8566 | LR: 1.00e-04
2025-05-25 13:36:44,255 - INFO - Step 1704 | Batch 120/176 | Train Loss: 0.7982 | LR: 1.00e-04
2025-05-25 13:36:49,543 - INFO - Step 1714 | Batch 130/176 | Train Loss: 1.0544 | LR: 1.00e-04
2025-05-25 13:36:54,393 - INFO - Step 1724 | Batch 140/176 | Train Loss: 2.2789 | LR: 1.00e-04
2025-05-25 13:36:58,613 - INFO - Step 1734 | Batch 150/176 | Train Loss: 0.7545 | LR: 1.00e-04
2025-05-25 13:37:02,960 - INFO - Step 1744 | Batch 160/176 | Train Loss: 0.3174 | LR: 1.00e-04
2025-05-25 13:37:07,281 - INFO - Step 1754 | Batch 170/176 | Train Loss: 1.0275 | LR: 1.00e-04
2025-05-25 13:37:34,175 - INFO - Validation Loss: 0.9994
2025-05-25 13:37:34,930 - INFO - Epoch 10/50 Summary:
2025-05-25 13:37:34,931 - INFO - Train Loss: 0.8913 | Val Loss: 1.0777 | Best Val Loss: 0.8142
2025-05-25 13:37:34,931 - INFO - --------------------------------------------------
2025-05-25 13:37:43,199 - INFO - Step 1770 | Batch 10/176 | Train Loss: 1.1041 | LR: 1.00e-04
2025-05-25 13:37:51,147 - INFO - Step 1780 | Batch 20/176 | Train Loss: 2.3808 | LR: 1.00e-04
2025-05-25 13:37:59,319 - INFO - Step 1790 | Batch 30/176 | Train Loss: 0.0294 | LR: 1.00e-04
2025-05-25 13:38:07,341 - INFO - Step 1800 | Batch 40/176 | Train Loss: 1.2046 | LR: 1.00e-04
2025-05-25 13:38:15,522 - INFO - Step 1810 | Batch 50/176 | Train Loss: 1.5341 | LR: 1.00e-04
2025-05-25 13:38:25,592 - INFO - Step 1820 | Batch 60/176 | Train Loss: 0.4334 | LR: 1.00e-04
2025-05-25 13:38:33,785 - INFO - Step 1830 | Batch 70/176 | Train Loss: 0.5832 | LR: 1.00e-04
2025-05-25 13:38:41,866 - INFO - Step 1840 | Batch 80/176 | Train Loss: 2.2614 | LR: 1.00e-04
2025-05-25 13:38:50,440 - INFO - Step 1850 | Batch 90/176 | Train Loss: 2.2203 | LR: 1.00e-04
2025-05-25 13:38:59,113 - INFO - Step 1860 | Batch 100/176 | Train Loss: 0.0486 | LR: 1.00e-04
2025-05-25 13:39:07,987 - INFO - Step 1870 | Batch 110/176 | Train Loss: 0.0105 | LR: 1.00e-04
2025-05-25 13:39:17,522 - INFO - Step 1880 | Batch 120/176 | Train Loss: 0.0405 | LR: 1.00e-04
2025-05-25 13:39:28,400 - INFO - Step 1890 | Batch 130/176 | Train Loss: 0.5119 | LR: 1.00e-04
2025-05-25 13:39:38,028 - INFO - Step 1900 | Batch 140/176 | Train Loss: 1.3075 | LR: 1.00e-04
2025-05-25 13:39:46,901 - INFO - Step 1910 | Batch 150/176 | Train Loss: 0.5685 | LR: 1.00e-04
2025-05-25 13:39:55,235 - INFO - Step 1920 | Batch 160/176 | Train Loss: 0.1108 | LR: 1.00e-04
2025-05-25 13:40:03,966 - INFO - Step 1930 | Batch 170/176 | Train Loss: 0.4653 | LR: 1.00e-04
2025-05-25 13:40:36,296 - INFO - Validation Loss: 0.8762
2025-05-25 13:40:37,397 - INFO - New best model saved with val_loss: 0.8066
2025-05-25 13:40:37,397 - INFO - Epoch 11/50 Summary:
2025-05-25 13:40:37,398 - INFO - Train Loss: 0.8019 | Val Loss: 0.8066 | Best Val Loss: 0.8066
2025-05-25 13:40:37,398 - INFO - --------------------------------------------------
2025-05-25 13:40:45,551 - INFO - Step 1946 | Batch 10/176 | Train Loss: 0.4269 | LR: 1.00e-04
2025-05-25 13:40:54,098 - INFO - Step 1956 | Batch 20/176 | Train Loss: 0.8481 | LR: 1.00e-04
2025-05-25 13:41:02,541 - INFO - Step 1966 | Batch 30/176 | Train Loss: 1.4777 | LR: 1.00e-04
2025-05-25 13:41:10,802 - INFO - Step 1976 | Batch 40/176 | Train Loss: 0.3201 | LR: 1.00e-04
2025-05-25 13:41:19,494 - INFO - Step 1986 | Batch 50/176 | Train Loss: 0.6640 | LR: 1.00e-04
2025-05-25 13:41:29,354 - INFO - Step 1996 | Batch 60/176 | Train Loss: 1.9575 | LR: 1.00e-04
2025-05-25 13:41:37,295 - INFO - Step 2006 | Batch 70/176 | Train Loss: 2.1172 | LR: 1.00e-04
2025-05-25 13:41:45,512 - INFO - Step 2016 | Batch 80/176 | Train Loss: 0.6707 | LR: 1.00e-04
2025-05-25 13:41:53,845 - INFO - Step 2026 | Batch 90/176 | Train Loss: 0.0391 | LR: 1.00e-04
2025-05-25 13:42:02,397 - INFO - Step 2036 | Batch 100/176 | Train Loss: 0.5984 | LR: 1.00e-04
2025-05-25 13:42:11,078 - INFO - Step 2046 | Batch 110/176 | Train Loss: 1.6413 | LR: 1.00e-04
2025-05-25 13:42:19,701 - INFO - Step 2056 | Batch 120/176 | Train Loss: 0.0053 | LR: 1.00e-04
2025-05-25 13:42:29,400 - INFO - Step 2066 | Batch 130/176 | Train Loss: 2.9705 | LR: 1.00e-04
2025-05-25 13:42:37,750 - INFO - Step 2076 | Batch 140/176 | Train Loss: 1.3619 | LR: 1.00e-04
2025-05-25 13:42:46,323 - INFO - Step 2086 | Batch 150/176 | Train Loss: 1.1245 | LR: 1.00e-04
2025-05-25 13:42:54,639 - INFO - Step 2096 | Batch 160/176 | Train Loss: 0.0829 | LR: 1.00e-04
2025-05-25 13:43:03,158 - INFO - Step 2106 | Batch 170/176 | Train Loss: 4.5260 | LR: 1.00e-04
2025-05-25 13:43:35,989 - INFO - Validation Loss: 0.7494
2025-05-25 13:43:37,370 - INFO - New best model saved with val_loss: 0.7800
2025-05-25 13:43:37,370 - INFO - Epoch 12/50 Summary:
2025-05-25 13:43:37,370 - INFO - Train Loss: 0.8327 | Val Loss: 0.7800 | Best Val Loss: 0.7800
2025-05-25 13:43:37,371 - INFO - --------------------------------------------------
2025-05-25 13:43:44,492 - INFO - Step 2122 | Batch 10/176 | Train Loss: 1.7549 | LR: 1.00e-04
2025-05-25 13:43:52,975 - INFO - Step 2132 | Batch 20/176 | Train Loss: 0.9735 | LR: 1.00e-04
2025-05-25 13:44:01,516 - INFO - Step 2142 | Batch 30/176 | Train Loss: 0.3558 | LR: 1.00e-04
2025-05-25 13:44:06,288 - INFO - Step 2152 | Batch 40/176 | Train Loss: 0.4151 | LR: 1.00e-04
2025-05-25 13:44:12,595 - INFO - Step 2162 | Batch 50/176 | Train Loss: 0.0472 | LR: 1.00e-04
2025-05-25 13:44:22,062 - INFO - Step 2172 | Batch 60/176 | Train Loss: 0.4131 | LR: 1.00e-04
2025-05-25 13:44:31,143 - INFO - Step 2182 | Batch 70/176 | Train Loss: 0.8918 | LR: 1.00e-04
2025-05-25 13:44:39,580 - INFO - Step 2192 | Batch 80/176 | Train Loss: 0.5645 | LR: 1.00e-04
2025-05-25 13:44:47,690 - INFO - Step 2202 | Batch 90/176 | Train Loss: 0.7671 | LR: 1.00e-04
2025-05-25 13:44:55,834 - INFO - Step 2212 | Batch 100/176 | Train Loss: 0.1463 | LR: 1.00e-04
2025-05-25 13:45:04,335 - INFO - Step 2222 | Batch 110/176 | Train Loss: 0.3387 | LR: 1.00e-04
2025-05-25 13:45:13,157 - INFO - Step 2232 | Batch 120/176 | Train Loss: 2.0304 | LR: 1.00e-04
2025-05-25 13:45:24,224 - INFO - Step 2242 | Batch 130/176 | Train Loss: 0.2519 | LR: 1.00e-04
2025-05-25 13:45:33,153 - INFO - Step 2252 | Batch 140/176 | Train Loss: 0.0090 | LR: 1.00e-04
2025-05-25 13:45:41,333 - INFO - Step 2262 | Batch 150/176 | Train Loss: 0.0048 | LR: 1.00e-04
2025-05-25 13:45:49,898 - INFO - Step 2272 | Batch 160/176 | Train Loss: 3.3961 | LR: 1.00e-04
2025-05-25 13:45:58,072 - INFO - Step 2282 | Batch 170/176 | Train Loss: 0.3907 | LR: 1.00e-04
2025-05-25 13:46:32,093 - INFO - Validation Loss: 0.7830
2025-05-25 13:46:32,132 - INFO - Epoch 13/50 Summary:
2025-05-25 13:46:32,132 - INFO - Train Loss: 0.7611 | Val Loss: 0.8215 | Best Val Loss: 0.7800
2025-05-25 13:46:32,132 - INFO - --------------------------------------------------
2025-05-25 13:46:45,546 - INFO - Step 2298 | Batch 10/176 | Train Loss: 0.6407 | LR: 1.00e-04
2025-05-25 13:46:54,807 - INFO - Step 2308 | Batch 20/176 | Train Loss: 0.2373 | LR: 1.00e-04
2025-05-25 13:47:04,359 - INFO - Step 2318 | Batch 30/176 | Train Loss: 1.1657 | LR: 1.00e-04
2025-05-25 13:47:13,699 - INFO - Step 2328 | Batch 40/176 | Train Loss: 0.1694 | LR: 1.00e-04
2025-05-25 13:47:24,129 - INFO - Step 2338 | Batch 50/176 | Train Loss: 0.3497 | LR: 1.00e-04
2025-05-25 13:47:33,035 - INFO - Step 2348 | Batch 60/176 | Train Loss: 1.0862 | LR: 1.00e-04
2025-05-25 13:47:42,487 - INFO - Step 2358 | Batch 70/176 | Train Loss: 1.7943 | LR: 1.00e-04
2025-05-25 13:47:51,779 - INFO - Step 2368 | Batch 80/176 | Train Loss: 1.2456 | LR: 1.00e-04
2025-05-25 13:48:00,800 - INFO - Step 2378 | Batch 90/176 | Train Loss: 0.2014 | LR: 1.00e-04
2025-05-25 13:48:10,888 - INFO - Step 2388 | Batch 100/176 | Train Loss: 1.4846 | LR: 1.00e-04
2025-05-25 13:48:21,261 - INFO - Step 2398 | Batch 110/176 | Train Loss: 1.1032 | LR: 1.00e-04
2025-05-25 13:48:31,525 - INFO - Step 2408 | Batch 120/176 | Train Loss: 1.1954 | LR: 1.00e-04
2025-05-25 13:48:39,742 - INFO - Step 2418 | Batch 130/176 | Train Loss: 0.1828 | LR: 1.00e-04
2025-05-25 13:48:47,876 - INFO - Step 2428 | Batch 140/176 | Train Loss: 0.6378 | LR: 1.00e-04
2025-05-25 13:48:56,165 - INFO - Step 2438 | Batch 150/176 | Train Loss: 0.2354 | LR: 1.00e-04
2025-05-25 13:49:04,483 - INFO - Step 2448 | Batch 160/176 | Train Loss: 0.0410 | LR: 1.00e-04
2025-05-25 13:49:12,926 - INFO - Step 2458 | Batch 170/176 | Train Loss: 0.3454 | LR: 1.00e-04
2025-05-25 13:49:44,578 - INFO - Validation Loss: 0.7826
2025-05-25 13:49:44,939 - INFO - Epoch 14/50 Summary:
2025-05-25 13:49:44,940 - INFO - Train Loss: 0.6614 | Val Loss: 0.7959 | Best Val Loss: 0.7800
2025-05-25 13:49:44,941 - INFO - --------------------------------------------------
2025-05-25 13:49:53,575 - INFO - Step 2474 | Batch 10/176 | Train Loss: 0.0182 | LR: 1.00e-04
2025-05-25 13:50:02,017 - INFO - Step 2484 | Batch 20/176 | Train Loss: 1.0247 | LR: 1.00e-04
2025-05-25 13:50:10,682 - INFO - Step 2494 | Batch 30/176 | Train Loss: 0.0434 | LR: 1.00e-04
2025-05-25 13:50:20,261 - INFO - Step 2504 | Batch 40/176 | Train Loss: 0.4827 | LR: 1.00e-04
2025-05-25 13:50:30,151 - INFO - Step 2514 | Batch 50/176 | Train Loss: 0.2349 | LR: 1.00e-04
2025-05-25 13:50:38,715 - INFO - Step 2524 | Batch 60/176 | Train Loss: 1.7382 | LR: 1.00e-04
2025-05-25 13:50:48,332 - INFO - Step 2534 | Batch 70/176 | Train Loss: 0.4265 | LR: 1.00e-04
2025-05-25 13:50:57,558 - INFO - Step 2544 | Batch 80/176 | Train Loss: 0.4471 | LR: 1.00e-04
2025-05-25 13:51:06,658 - INFO - Step 2554 | Batch 90/176 | Train Loss: 0.3920 | LR: 1.00e-04
2025-05-25 13:51:14,541 - INFO - Step 2564 | Batch 100/176 | Train Loss: 0.0551 | LR: 1.00e-04
2025-05-25 13:51:24,271 - INFO - Step 2574 | Batch 110/176 | Train Loss: 1.0932 | LR: 1.00e-04
2025-05-25 13:51:32,558 - INFO - Step 2584 | Batch 120/176 | Train Loss: 1.0516 | LR: 1.00e-04
2025-05-25 13:51:40,904 - INFO - Step 2594 | Batch 130/176 | Train Loss: 0.6240 | LR: 1.00e-04
2025-05-25 13:51:49,196 - INFO - Step 2604 | Batch 140/176 | Train Loss: 0.4755 | LR: 1.00e-04
2025-05-25 13:51:57,504 - INFO - Step 2614 | Batch 150/176 | Train Loss: 0.0741 | LR: 1.00e-04
2025-05-25 13:52:05,933 - INFO - Step 2624 | Batch 160/176 | Train Loss: 0.1666 | LR: 1.00e-04
2025-05-25 13:52:14,808 - INFO - Step 2634 | Batch 170/176 | Train Loss: 0.7290 | LR: 1.00e-04
2025-05-25 13:52:46,598 - INFO - Validation Loss: 1.6533
2025-05-25 13:52:46,688 - INFO - Epoch 15/50 Summary:
2025-05-25 13:52:46,741 - INFO - Train Loss: 0.7414 | Val Loss: 1.7106 | Best Val Loss: 0.7800
2025-05-25 13:52:46,741 - INFO - --------------------------------------------------
2025-05-25 13:52:54,830 - INFO - Step 2650 | Batch 10/176 | Train Loss: 0.1589 | LR: 1.00e-04
2025-05-25 13:53:02,977 - INFO - Step 2660 | Batch 20/176 | Train Loss: 0.3877 | LR: 1.00e-04
2025-05-25 13:53:11,239 - INFO - Step 2670 | Batch 30/176 | Train Loss: 0.4257 | LR: 1.00e-04
2025-05-25 13:53:20,106 - INFO - Step 2680 | Batch 40/176 | Train Loss: 0.1549 | LR: 1.00e-04
2025-05-25 13:53:29,598 - INFO - Step 2690 | Batch 50/176 | Train Loss: 0.0174 | LR: 1.00e-04
2025-05-25 13:53:37,963 - INFO - Step 2700 | Batch 60/176 | Train Loss: 0.8485 | LR: 1.00e-04
2025-05-25 13:53:46,493 - INFO - Step 2710 | Batch 70/176 | Train Loss: 0.1296 | LR: 1.00e-04
2025-05-25 13:53:54,895 - INFO - Step 2720 | Batch 80/176 | Train Loss: 1.3397 | LR: 1.00e-04
2025-05-25 13:54:03,081 - INFO - Step 2730 | Batch 90/176 | Train Loss: 1.6788 | LR: 1.00e-04
2025-05-25 13:54:12,134 - INFO - Step 2740 | Batch 100/176 | Train Loss: 1.0204 | LR: 1.00e-04
2025-05-25 13:54:21,470 - INFO - Step 2750 | Batch 110/176 | Train Loss: 0.0070 | LR: 1.00e-04
2025-05-25 13:54:31,336 - INFO - Step 2760 | Batch 120/176 | Train Loss: 1.7698 | LR: 1.00e-04
2025-05-25 13:54:40,431 - INFO - Step 2770 | Batch 130/176 | Train Loss: 0.0371 | LR: 1.00e-04
2025-05-25 13:54:50,515 - INFO - Step 2780 | Batch 140/176 | Train Loss: 0.0553 | LR: 1.00e-04
2025-05-25 13:55:00,135 - INFO - Step 2790 | Batch 150/176 | Train Loss: 0.3235 | LR: 1.00e-04
2025-05-25 13:55:09,699 - INFO - Step 2800 | Batch 160/176 | Train Loss: 0.7376 | LR: 1.00e-04
2025-05-25 13:55:18,261 - INFO - Step 2810 | Batch 170/176 | Train Loss: 0.5487 | LR: 1.00e-04
2025-05-25 13:55:48,721 - INFO - Validation Loss: 0.6492
2025-05-25 13:55:48,880 - INFO - Epoch 16/50 Summary:
2025-05-25 13:55:48,880 - INFO - Train Loss: 0.6193 | Val Loss: 0.8515 | Best Val Loss: 0.7800
2025-05-25 13:55:48,880 - INFO - --------------------------------------------------
2025-05-25 13:55:57,137 - INFO - Step 2826 | Batch 10/176 | Train Loss: 0.7118 | LR: 1.00e-04
2025-05-25 13:56:05,463 - INFO - Step 2836 | Batch 20/176 | Train Loss: 0.5374 | LR: 1.00e-04
2025-05-25 13:56:13,640 - INFO - Step 2846 | Batch 30/176 | Train Loss: 0.1790 | LR: 1.00e-04
2025-05-25 13:56:23,204 - INFO - Step 2856 | Batch 40/176 | Train Loss: 0.6207 | LR: 1.00e-04
2025-05-25 13:56:31,765 - INFO - Step 2866 | Batch 50/176 | Train Loss: 0.2342 | LR: 1.00e-04
2025-05-25 13:56:40,057 - INFO - Step 2876 | Batch 60/176 | Train Loss: 0.1744 | LR: 1.00e-04
2025-05-25 13:56:48,376 - INFO - Step 2886 | Batch 70/176 | Train Loss: 0.5729 | LR: 1.00e-04
2025-05-25 13:56:56,898 - INFO - Step 2896 | Batch 80/176 | Train Loss: 0.3407 | LR: 1.00e-04
2025-05-25 13:57:05,176 - INFO - Step 2906 | Batch 90/176 | Train Loss: 0.3859 | LR: 1.00e-04
2025-05-25 13:57:13,835 - INFO - Step 2916 | Batch 100/176 | Train Loss: 0.0647 | LR: 1.00e-04
2025-05-25 13:57:23,799 - INFO - Step 2926 | Batch 110/176 | Train Loss: 0.0835 | LR: 1.00e-04
2025-05-25 13:57:32,582 - INFO - Step 2936 | Batch 120/176 | Train Loss: 0.3619 | LR: 1.00e-04
2025-05-25 13:57:52,655 - INFO - Step 2946 | Batch 130/176 | Train Loss: 0.3587 | LR: 1.00e-04
2025-05-25 13:58:00,928 - INFO - Step 2956 | Batch 140/176 | Train Loss: 0.0261 | LR: 1.00e-04
2025-05-25 13:58:09,369 - INFO - Step 2966 | Batch 150/176 | Train Loss: 0.0928 | LR: 1.00e-04
2025-05-25 13:58:17,702 - INFO - Step 2976 | Batch 160/176 | Train Loss: 0.6487 | LR: 1.00e-04
2025-05-25 13:58:27,551 - INFO - Step 2986 | Batch 170/176 | Train Loss: 2.6908 | LR: 1.00e-04
2025-05-25 13:58:59,421 - INFO - Validation Loss: 1.3010
2025-05-25 13:58:59,497 - INFO - Epoch 17/50 Summary:
2025-05-25 13:58:59,498 - INFO - Train Loss: 0.5414 | Val Loss: 1.3522 | Best Val Loss: 0.7800
2025-05-25 13:58:59,498 - INFO - --------------------------------------------------
2025-05-25 13:59:08,408 - INFO - Step 3002 | Batch 10/176 | Train Loss: 1.2962 | LR: 1.00e-04
2025-05-25 13:59:17,255 - INFO - Step 3012 | Batch 20/176 | Train Loss: 0.0656 | LR: 1.00e-04
2025-05-25 13:59:27,931 - INFO - Step 3022 | Batch 30/176 | Train Loss: 0.4918 | LR: 1.00e-04
2025-05-25 13:59:37,177 - INFO - Step 3032 | Batch 40/176 | Train Loss: 0.8309 | LR: 1.00e-04
2025-05-25 13:59:45,725 - INFO - Step 3042 | Batch 50/176 | Train Loss: 0.3093 | LR: 1.00e-04
2025-05-25 13:59:53,866 - INFO - Step 3052 | Batch 60/176 | Train Loss: 0.6769 | LR: 1.00e-04
2025-05-25 14:00:02,085 - INFO - Step 3062 | Batch 70/176 | Train Loss: 0.2209 | LR: 1.00e-04
2025-05-25 14:00:10,928 - INFO - Step 3072 | Batch 80/176 | Train Loss: 0.3344 | LR: 1.00e-04
2025-05-25 14:00:22,073 - INFO - Step 3082 | Batch 90/176 | Train Loss: 0.0332 | LR: 1.00e-04
2025-05-25 14:00:31,143 - INFO - Step 3092 | Batch 100/176 | Train Loss: 0.5851 | LR: 1.00e-04
2025-05-25 14:00:38,447 - INFO - Step 3102 | Batch 110/176 | Train Loss: 0.1079 | LR: 1.00e-04
2025-05-25 14:00:47,428 - INFO - Step 3112 | Batch 120/176 | Train Loss: 0.3788 | LR: 1.00e-04
2025-05-25 14:00:56,317 - INFO - Step 3122 | Batch 130/176 | Train Loss: 0.3355 | LR: 1.00e-04
2025-05-25 14:01:04,991 - INFO - Step 3132 | Batch 140/176 | Train Loss: 0.3528 | LR: 1.00e-04
2025-05-25 14:01:13,755 - INFO - Step 3142 | Batch 150/176 | Train Loss: 1.6231 | LR: 1.00e-04
2025-05-25 14:01:23,591 - INFO - Step 3152 | Batch 160/176 | Train Loss: 0.0440 | LR: 1.00e-04
2025-05-25 14:01:32,251 - INFO - Step 3162 | Batch 170/176 | Train Loss: 0.1508 | LR: 1.00e-04
2025-05-25 14:02:05,530 - INFO - Validation Loss: 0.7411
2025-05-25 14:02:05,538 - INFO - Epoch 18/50 Summary:
2025-05-25 14:02:05,539 - INFO - Train Loss: 0.4979 | Val Loss: 0.8100 | Best Val Loss: 0.7800
2025-05-25 14:02:05,539 - INFO - --------------------------------------------------
2025-05-25 14:02:14,769 - INFO - Step 3178 | Batch 10/176 | Train Loss: 0.2004 | LR: 1.00e-04
2025-05-25 14:02:24,675 - INFO - Step 3188 | Batch 20/176 | Train Loss: 0.6121 | LR: 1.00e-04
2025-05-25 14:02:32,935 - INFO - Step 3198 | Batch 30/176 | Train Loss: 3.0766 | LR: 1.00e-04
2025-05-25 14:02:41,271 - INFO - Step 3208 | Batch 40/176 | Train Loss: 0.8512 | LR: 1.00e-04
2025-05-25 14:02:49,721 - INFO - Step 3218 | Batch 50/176 | Train Loss: 0.1691 | LR: 1.00e-04
2025-05-25 14:02:58,273 - INFO - Step 3228 | Batch 60/176 | Train Loss: 0.2151 | LR: 1.00e-04
2025-05-25 14:03:06,773 - INFO - Step 3238 | Batch 70/176 | Train Loss: 0.7543 | LR: 1.00e-04
2025-05-25 14:03:15,420 - INFO - Step 3248 | Batch 80/176 | Train Loss: 0.4881 | LR: 1.00e-04
2025-05-25 14:03:25,436 - INFO - Step 3258 | Batch 90/176 | Train Loss: 0.6285 | LR: 1.00e-04
2025-05-25 14:03:33,937 - INFO - Step 3268 | Batch 100/176 | Train Loss: 1.5216 | LR: 1.00e-04
2025-05-25 14:03:42,179 - INFO - Step 3278 | Batch 110/176 | Train Loss: 0.5930 | LR: 1.00e-04
2025-05-25 14:03:50,739 - INFO - Step 3288 | Batch 120/176 | Train Loss: 0.0430 | LR: 1.00e-04
2025-05-25 14:03:59,029 - INFO - Step 3298 | Batch 130/176 | Train Loss: 0.1991 | LR: 1.00e-04
2025-05-25 14:04:07,443 - INFO - Step 3308 | Batch 140/176 | Train Loss: 0.8314 | LR: 1.00e-04
2025-05-25 14:04:15,700 - INFO - Step 3318 | Batch 150/176 | Train Loss: 0.3182 | LR: 1.00e-04
2025-05-25 14:04:25,728 - INFO - Step 3328 | Batch 160/176 | Train Loss: 0.0432 | LR: 1.00e-04
2025-05-25 14:04:34,219 - INFO - Step 3338 | Batch 170/176 | Train Loss: 0.2711 | LR: 1.00e-04
2025-05-25 14:05:04,147 - INFO - Validation Loss: 0.7731
2025-05-25 14:05:04,301 - INFO - Epoch 19/50 Summary:
2025-05-25 14:05:04,302 - INFO - Train Loss: 0.4693 | Val Loss: 0.8631 | Best Val Loss: 0.7800
2025-05-25 14:05:04,302 - INFO - --------------------------------------------------
2025-05-25 14:05:12,927 - INFO - Step 3354 | Batch 10/176 | Train Loss: 0.6268 | LR: 1.00e-04
2025-05-25 14:05:22,626 - INFO - Step 3364 | Batch 20/176 | Train Loss: 0.2191 | LR: 1.00e-04
2025-05-25 14:05:31,696 - INFO - Step 3374 | Batch 30/176 | Train Loss: 0.0596 | LR: 1.00e-04
2025-05-25 14:05:40,224 - INFO - Step 3384 | Batch 40/176 | Train Loss: 0.4758 | LR: 1.00e-04
2025-05-25 14:05:48,729 - INFO - Step 3394 | Batch 50/176 | Train Loss: 1.3284 | LR: 1.00e-04
2025-05-25 14:05:57,247 - INFO - Step 3404 | Batch 60/176 | Train Loss: 0.0661 | LR: 1.00e-04
2025-05-25 14:06:05,396 - INFO - Step 3414 | Batch 70/176 | Train Loss: 0.0351 | LR: 1.00e-04
2025-05-25 14:06:13,686 - INFO - Step 3424 | Batch 80/176 | Train Loss: 0.2411 | LR: 1.00e-04
2025-05-25 14:06:23,974 - INFO - Step 3434 | Batch 90/176 | Train Loss: 0.6688 | LR: 1.00e-04
2025-05-25 14:06:32,255 - INFO - Step 3444 | Batch 100/176 | Train Loss: 0.2593 | LR: 1.00e-04
2025-05-25 14:06:40,509 - INFO - Step 3454 | Batch 110/176 | Train Loss: 1.4759 | LR: 1.00e-04
2025-05-25 14:06:48,651 - INFO - Step 3464 | Batch 120/176 | Train Loss: 0.6826 | LR: 1.00e-04
2025-05-25 14:06:57,127 - INFO - Step 3474 | Batch 130/176 | Train Loss: 0.5350 | LR: 1.00e-04
2025-05-25 14:07:05,511 - INFO - Step 3484 | Batch 140/176 | Train Loss: 0.1946 | LR: 1.00e-04
2025-05-25 14:07:14,026 - INFO - Step 3494 | Batch 150/176 | Train Loss: 0.9596 | LR: 1.00e-04
2025-05-25 14:07:23,940 - INFO - Step 3504 | Batch 160/176 | Train Loss: 0.0442 | LR: 1.00e-04
2025-05-25 14:07:32,446 - INFO - Step 3514 | Batch 170/176 | Train Loss: 0.0346 | LR: 1.00e-04
2025-05-25 14:08:02,187 - INFO - Validation Loss: 0.3552
2025-05-25 14:08:03,440 - INFO - New best model saved with val_loss: 0.3618
2025-05-25 14:08:03,441 - INFO - Epoch 20/50 Summary:
2025-05-25 14:08:03,441 - INFO - Train Loss: 0.4910 | Val Loss: 0.3618 | Best Val Loss: 0.3618
2025-05-25 14:08:03,441 - INFO - --------------------------------------------------
2025-05-25 14:08:11,372 - INFO - Step 3530 | Batch 10/176 | Train Loss: 0.3259 | LR: 1.00e-04
2025-05-25 14:08:20,384 - INFO - Step 3540 | Batch 20/176 | Train Loss: 0.0781 | LR: 1.00e-04
2025-05-25 14:08:29,967 - INFO - Step 3550 | Batch 30/176 | Train Loss: 0.1970 | LR: 1.00e-04
2025-05-25 14:08:38,263 - INFO - Step 3560 | Batch 40/176 | Train Loss: 0.1953 | LR: 1.00e-04
2025-05-25 14:08:46,489 - INFO - Step 3570 | Batch 50/176 | Train Loss: 0.5483 | LR: 1.00e-04
2025-05-25 14:08:54,694 - INFO - Step 3580 | Batch 60/176 | Train Loss: 0.0585 | LR: 1.00e-04
2025-05-25 14:09:03,043 - INFO - Step 3590 | Batch 70/176 | Train Loss: 0.1116 | LR: 1.00e-04
2025-05-25 14:09:11,860 - INFO - Step 3600 | Batch 80/176 | Train Loss: 1.0831 | LR: 1.00e-04
2025-05-25 14:09:20,912 - INFO - Step 3610 | Batch 90/176 | Train Loss: 0.2170 | LR: 1.00e-04
2025-05-25 14:09:30,174 - INFO - Step 3620 | Batch 100/176 | Train Loss: 0.0102 | LR: 1.00e-04
2025-05-25 14:09:38,740 - INFO - Step 3630 | Batch 110/176 | Train Loss: 0.9316 | LR: 1.00e-04
2025-05-25 14:09:46,951 - INFO - Step 3640 | Batch 120/176 | Train Loss: 0.1378 | LR: 1.00e-04
2025-05-25 14:09:55,418 - INFO - Step 3650 | Batch 130/176 | Train Loss: 0.1248 | LR: 1.00e-04
2025-05-25 14:10:03,879 - INFO - Step 3660 | Batch 140/176 | Train Loss: 0.0415 | LR: 1.00e-04
2025-05-25 14:10:12,316 - INFO - Step 3670 | Batch 150/176 | Train Loss: 0.1866 | LR: 1.00e-04
2025-05-25 14:10:21,646 - INFO - Step 3680 | Batch 160/176 | Train Loss: 0.5489 | LR: 1.00e-04
2025-05-25 14:10:30,976 - INFO - Step 3690 | Batch 170/176 | Train Loss: 0.5350 | LR: 1.00e-04
2025-05-25 14:11:02,056 - INFO - Validation Loss: 0.6395
2025-05-25 14:11:02,088 - INFO - Epoch 21/50 Summary:
2025-05-25 14:11:02,089 - INFO - Train Loss: 0.3430 | Val Loss: 0.6333 | Best Val Loss: 0.3618
2025-05-25 14:11:02,089 - INFO - --------------------------------------------------
2025-05-25 14:11:10,524 - INFO - Step 3706 | Batch 10/176 | Train Loss: 0.4056 | LR: 1.00e-04
2025-05-25 14:11:19,297 - INFO - Step 3716 | Batch 20/176 | Train Loss: 0.2458 | LR: 1.00e-04
2025-05-25 14:11:29,188 - INFO - Step 3726 | Batch 30/176 | Train Loss: 0.5748 | LR: 1.00e-04
2025-05-25 14:11:37,883 - INFO - Step 3736 | Batch 40/176 | Train Loss: 0.7888 | LR: 1.00e-04
2025-05-25 14:11:46,579 - INFO - Step 3746 | Batch 50/176 | Train Loss: 0.2395 | LR: 1.00e-04
2025-05-25 14:11:54,714 - INFO - Step 3756 | Batch 60/176 | Train Loss: 0.1951 | LR: 1.00e-04
2025-05-25 14:12:02,981 - INFO - Step 3766 | Batch 70/176 | Train Loss: 0.2066 | LR: 1.00e-04
2025-05-25 14:12:11,612 - INFO - Step 3776 | Batch 80/176 | Train Loss: 0.1201 | LR: 1.00e-04
2025-05-25 14:12:20,779 - INFO - Step 3786 | Batch 90/176 | Train Loss: 0.4304 | LR: 1.00e-04
2025-05-25 14:12:30,188 - INFO - Step 3796 | Batch 100/176 | Train Loss: 1.0965 | LR: 1.00e-04
2025-05-25 14:12:38,561 - INFO - Step 3806 | Batch 110/176 | Train Loss: 0.1287 | LR: 1.00e-04
2025-05-25 14:12:47,166 - INFO - Step 3816 | Batch 120/176 | Train Loss: 0.2086 | LR: 1.00e-04
2025-05-25 14:12:55,389 - INFO - Step 3826 | Batch 130/176 | Train Loss: 0.2241 | LR: 1.00e-04
2025-05-25 14:13:03,723 - INFO - Step 3836 | Batch 140/176 | Train Loss: 0.1974 | LR: 1.00e-04
2025-05-25 14:13:12,087 - INFO - Step 3846 | Batch 150/176 | Train Loss: 0.3396 | LR: 1.00e-04
2025-05-25 14:13:21,374 - INFO - Step 3856 | Batch 160/176 | Train Loss: 0.1591 | LR: 1.00e-04
2025-05-25 14:13:30,507 - INFO - Step 3866 | Batch 170/176 | Train Loss: 0.2636 | LR: 1.00e-04
2025-05-25 14:14:02,042 - INFO - Validation Loss: 0.3145
2025-05-25 14:14:03,213 - INFO - New best model saved with val_loss: 0.2840
2025-05-25 14:14:03,214 - INFO - Epoch 22/50 Summary:
2025-05-25 14:14:03,214 - INFO - Train Loss: 0.3153 | Val Loss: 0.2840 | Best Val Loss: 0.2840
2025-05-25 14:14:03,214 - INFO - --------------------------------------------------
2025-05-25 14:14:11,526 - INFO - Step 3882 | Batch 10/176 | Train Loss: 0.1305 | LR: 1.00e-04
2025-05-25 14:14:20,852 - INFO - Step 3892 | Batch 20/176 | Train Loss: 0.0576 | LR: 1.00e-04
2025-05-25 14:14:30,410 - INFO - Step 3902 | Batch 30/176 | Train Loss: 0.5893 | LR: 1.00e-04
2025-05-25 14:14:39,081 - INFO - Step 3912 | Batch 40/176 | Train Loss: 0.3510 | LR: 1.00e-04
2025-05-25 14:14:47,666 - INFO - Step 3922 | Batch 50/176 | Train Loss: 0.1434 | LR: 1.00e-04
2025-05-25 14:14:56,300 - INFO - Step 3932 | Batch 60/176 | Train Loss: 0.1967 | LR: 1.00e-04
2025-05-25 14:15:04,910 - INFO - Step 3942 | Batch 70/176 | Train Loss: 0.0605 | LR: 1.00e-04
2025-05-25 14:15:14,030 - INFO - Step 3952 | Batch 80/176 | Train Loss: 0.3003 | LR: 1.00e-04
2025-05-25 14:15:24,341 - INFO - Step 3962 | Batch 90/176 | Train Loss: 0.0067 | LR: 1.00e-04
2025-05-25 14:15:33,314 - INFO - Step 3972 | Batch 100/176 | Train Loss: 0.0403 | LR: 1.00e-04
2025-05-25 14:15:41,929 - INFO - Step 3982 | Batch 110/176 | Train Loss: 0.4524 | LR: 1.00e-04
2025-05-25 14:15:50,689 - INFO - Step 3992 | Batch 120/176 | Train Loss: 0.1532 | LR: 1.00e-04
2025-05-25 14:15:59,297 - INFO - Step 4002 | Batch 130/176 | Train Loss: 0.1848 | LR: 1.00e-04
2025-05-25 14:16:07,587 - INFO - Step 4012 | Batch 140/176 | Train Loss: 0.0673 | LR: 1.00e-04
2025-05-25 14:16:16,120 - INFO - Step 4022 | Batch 150/176 | Train Loss: 0.1337 | LR: 1.00e-04
2025-05-25 14:16:26,119 - INFO - Step 4032 | Batch 160/176 | Train Loss: 0.2203 | LR: 1.00e-04
2025-05-25 14:16:34,721 - INFO - Step 4042 | Batch 170/176 | Train Loss: 0.0344 | LR: 1.00e-04
2025-05-25 14:17:06,785 - INFO - Validation Loss: 0.3944
2025-05-25 14:17:06,794 - INFO - Epoch 23/50 Summary:
2025-05-25 14:17:06,794 - INFO - Train Loss: 0.2221 | Val Loss: 0.4247 | Best Val Loss: 0.2840
2025-05-25 14:17:06,794 - INFO - --------------------------------------------------
2025-05-25 14:17:15,442 - INFO - Step 4058 | Batch 10/176 | Train Loss: 0.8227 | LR: 1.00e-04
2025-05-25 14:17:25,028 - INFO - Step 4068 | Batch 20/176 | Train Loss: 0.2890 | LR: 1.00e-04
2025-05-25 14:17:33,823 - INFO - Step 4078 | Batch 30/176 | Train Loss: 0.0269 | LR: 1.00e-04
2025-05-25 14:17:42,551 - INFO - Step 4088 | Batch 40/176 | Train Loss: 0.0020 | LR: 1.00e-04
2025-05-25 14:17:51,271 - INFO - Step 4098 | Batch 50/176 | Train Loss: 0.2010 | LR: 1.00e-04
2025-05-25 14:17:59,934 - INFO - Step 4108 | Batch 60/176 | Train Loss: 0.0275 | LR: 1.00e-04
2025-05-25 14:18:08,561 - INFO - Step 4118 | Batch 70/176 | Train Loss: 0.0045 | LR: 1.00e-04
2025-05-25 14:18:17,482 - INFO - Step 4128 | Batch 80/176 | Train Loss: 0.0125 | LR: 1.00e-04
2025-05-25 14:18:27,522 - INFO - Step 4138 | Batch 90/176 | Train Loss: 0.0797 | LR: 1.00e-04
2025-05-25 14:18:36,283 - INFO - Step 4148 | Batch 100/176 | Train Loss: 0.1550 | LR: 1.00e-04
2025-05-25 14:18:44,699 - INFO - Step 4158 | Batch 110/176 | Train Loss: 0.1445 | LR: 1.00e-04
2025-05-25 14:18:53,489 - INFO - Step 4168 | Batch 120/176 | Train Loss: 0.5693 | LR: 1.00e-04
2025-05-25 14:19:01,912 - INFO - Step 4178 | Batch 130/176 | Train Loss: 0.0776 | LR: 1.00e-04
2025-05-25 14:19:10,540 - INFO - Step 4188 | Batch 140/176 | Train Loss: 0.4333 | LR: 1.00e-04
2025-05-25 14:19:19,736 - INFO - Step 4198 | Batch 150/176 | Train Loss: 0.1831 | LR: 1.00e-04
2025-05-25 14:19:29,708 - INFO - Step 4208 | Batch 160/176 | Train Loss: 0.1024 | LR: 1.00e-04
2025-05-25 14:19:38,512 - INFO - Step 4218 | Batch 170/176 | Train Loss: 0.2148 | LR: 1.00e-04
2025-05-25 14:20:12,227 - INFO - Validation Loss: 0.2470
2025-05-25 14:20:13,774 - INFO - New best model saved with val_loss: 0.2548
2025-05-25 14:20:13,775 - INFO - Epoch 24/50 Summary:
2025-05-25 14:20:13,775 - INFO - Train Loss: 0.2111 | Val Loss: 0.2548 | Best Val Loss: 0.2548
2025-05-25 14:20:13,775 - INFO - --------------------------------------------------
2025-05-25 14:20:24,018 - INFO - Step 4234 | Batch 10/176 | Train Loss: 0.1563 | LR: 1.00e-04
2025-05-25 14:20:32,795 - INFO - Step 4244 | Batch 20/176 | Train Loss: 0.1164 | LR: 1.00e-04
2025-05-25 14:20:41,638 - INFO - Step 4254 | Batch 30/176 | Train Loss: 0.0584 | LR: 1.00e-04
2025-05-25 14:20:50,098 - INFO - Step 4264 | Batch 40/176 | Train Loss: 0.7883 | LR: 1.00e-04
2025-05-25 14:20:58,781 - INFO - Step 4274 | Batch 50/176 | Train Loss: 0.1571 | LR: 1.00e-04
2025-05-25 14:21:07,642 - INFO - Step 4284 | Batch 60/176 | Train Loss: 0.2776 | LR: 1.00e-04
2025-05-25 14:21:16,432 - INFO - Step 4294 | Batch 70/176 | Train Loss: 0.4831 | LR: 1.00e-04
2025-05-25 14:21:26,478 - INFO - Step 4304 | Batch 80/176 | Train Loss: 0.0703 | LR: 1.00e-04
2025-05-25 14:21:34,952 - INFO - Step 4314 | Batch 90/176 | Train Loss: 0.0447 | LR: 1.00e-04
2025-05-25 14:21:43,386 - INFO - Step 4324 | Batch 100/176 | Train Loss: 0.1869 | LR: 1.00e-04
2025-05-25 14:21:51,663 - INFO - Step 4334 | Batch 110/176 | Train Loss: 0.0484 | LR: 1.00e-04
2025-05-25 14:22:00,053 - INFO - Step 4344 | Batch 120/176 | Train Loss: 0.1740 | LR: 1.00e-04
2025-05-25 14:22:08,208 - INFO - Step 4354 | Batch 130/176 | Train Loss: 0.0313 | LR: 1.00e-04
2025-05-25 14:22:16,577 - INFO - Step 4364 | Batch 140/176 | Train Loss: 1.2832 | LR: 1.00e-04
2025-05-25 14:22:26,471 - INFO - Step 4374 | Batch 150/176 | Train Loss: 0.3181 | LR: 1.00e-04
2025-05-25 14:22:34,830 - INFO - Step 4384 | Batch 160/176 | Train Loss: 0.1793 | LR: 1.00e-04
2025-05-25 14:22:43,185 - INFO - Step 4394 | Batch 170/176 | Train Loss: 0.0516 | LR: 1.00e-04
2025-05-25 14:23:13,575 - INFO - Validation Loss: 0.2002
2025-05-25 14:23:14,834 - INFO - New best model saved with val_loss: 0.2459
2025-05-25 14:23:14,834 - INFO - Epoch 25/50 Summary:
2025-05-25 14:23:14,835 - INFO - Train Loss: 0.2370 | Val Loss: 0.2459 | Best Val Loss: 0.2459
2025-05-25 14:23:14,835 - INFO - --------------------------------------------------
2025-05-25 14:23:24,608 - INFO - Step 4410 | Batch 10/176 | Train Loss: 0.7029 | LR: 1.00e-04
2025-05-25 14:23:32,781 - INFO - Step 4420 | Batch 20/176 | Train Loss: 0.1016 | LR: 1.00e-04
2025-05-25 14:23:41,248 - INFO - Step 4430 | Batch 30/176 | Train Loss: 0.1255 | LR: 1.00e-04
2025-05-25 14:23:49,326 - INFO - Step 4440 | Batch 40/176 | Train Loss: 0.0055 | LR: 1.00e-04
2025-05-25 14:23:57,855 - INFO - Step 4450 | Batch 50/176 | Train Loss: 0.2306 | LR: 1.00e-04
2025-05-25 14:24:06,293 - INFO - Step 4460 | Batch 60/176 | Train Loss: 0.0968 | LR: 1.00e-04
2025-05-25 14:24:14,810 - INFO - Step 4470 | Batch 70/176 | Train Loss: 0.0439 | LR: 1.00e-04
2025-05-25 14:24:24,978 - INFO - Step 4480 | Batch 80/176 | Train Loss: 0.1641 | LR: 1.00e-04
2025-05-25 14:24:33,643 - INFO - Step 4490 | Batch 90/176 | Train Loss: 0.0448 | LR: 1.00e-04
2025-05-25 14:24:41,902 - INFO - Step 4500 | Batch 100/176 | Train Loss: 0.0245 | LR: 1.00e-04
2025-05-25 14:24:50,334 - INFO - Step 4510 | Batch 110/176 | Train Loss: 0.0720 | LR: 1.00e-04
2025-05-25 14:24:58,796 - INFO - Step 4520 | Batch 120/176 | Train Loss: 0.2844 | LR: 1.00e-04
2025-05-25 14:25:07,470 - INFO - Step 4530 | Batch 130/176 | Train Loss: 0.3296 | LR: 1.00e-04
2025-05-25 14:25:16,102 - INFO - Step 4540 | Batch 140/176 | Train Loss: 0.0097 | LR: 1.00e-04
2025-05-25 14:25:26,013 - INFO - Step 4550 | Batch 150/176 | Train Loss: 0.1015 | LR: 1.00e-04
2025-05-25 14:25:34,394 - INFO - Step 4560 | Batch 160/176 | Train Loss: 0.1453 | LR: 1.00e-04
2025-05-25 14:25:42,779 - INFO - Step 4570 | Batch 170/176 | Train Loss: 0.2075 | LR: 1.00e-04
2025-05-25 14:26:13,254 - INFO - Validation Loss: 0.1817
2025-05-25 14:26:14,448 - INFO - New best model saved with val_loss: 0.1955
2025-05-25 14:26:14,452 - INFO - Epoch 26/50 Summary:
2025-05-25 14:26:14,452 - INFO - Train Loss: 0.2193 | Val Loss: 0.1955 | Best Val Loss: 0.1955
2025-05-25 14:26:14,453 - INFO - --------------------------------------------------
2025-05-25 14:26:24,088 - INFO - Step 4586 | Batch 10/176 | Train Loss: 0.0959 | LR: 1.00e-04
2025-05-25 14:26:32,423 - INFO - Step 4596 | Batch 20/176 | Train Loss: 0.1450 | LR: 1.00e-04
2025-05-25 14:26:40,779 - INFO - Step 4606 | Batch 30/176 | Train Loss: 0.3894 | LR: 1.00e-04
2025-05-25 14:26:49,377 - INFO - Step 4616 | Batch 40/176 | Train Loss: 1.6136 | LR: 1.00e-04
2025-05-25 14:26:57,896 - INFO - Step 4626 | Batch 50/176 | Train Loss: 0.1418 | LR: 1.00e-04
2025-05-25 14:27:06,405 - INFO - Step 4636 | Batch 60/176 | Train Loss: 0.2438 | LR: 1.00e-04
2025-05-25 14:27:15,002 - INFO - Step 4646 | Batch 70/176 | Train Loss: 0.0889 | LR: 1.00e-04
2025-05-25 14:27:25,191 - INFO - Step 4656 | Batch 80/176 | Train Loss: 0.0183 | LR: 1.00e-04
2025-05-25 14:27:33,925 - INFO - Step 4666 | Batch 90/176 | Train Loss: 0.2426 | LR: 1.00e-04
2025-05-25 14:27:42,686 - INFO - Step 4676 | Batch 100/176 | Train Loss: 0.1794 | LR: 1.00e-04
2025-05-25 14:27:51,289 - INFO - Step 4686 | Batch 110/176 | Train Loss: 0.4590 | LR: 1.00e-04
2025-05-25 14:27:59,511 - INFO - Step 4696 | Batch 120/176 | Train Loss: 0.1947 | LR: 1.00e-04
2025-05-25 14:28:08,066 - INFO - Step 4706 | Batch 130/176 | Train Loss: 0.0881 | LR: 1.00e-04
2025-05-25 14:28:16,630 - INFO - Step 4716 | Batch 140/176 | Train Loss: 0.0427 | LR: 1.00e-04
2025-05-25 14:28:26,411 - INFO - Step 4726 | Batch 150/176 | Train Loss: 0.0790 | LR: 1.00e-04
2025-05-25 14:28:34,636 - INFO - Step 4736 | Batch 160/176 | Train Loss: 0.0511 | LR: 1.00e-04
2025-05-25 14:28:43,285 - INFO - Step 4746 | Batch 170/176 | Train Loss: 0.0434 | LR: 1.00e-04
2025-05-25 14:29:11,409 - INFO - Validation Loss: 0.1633
2025-05-25 14:29:11,471 - INFO - Epoch 27/50 Summary:
2025-05-25 14:29:11,472 - INFO - Train Loss: 0.1716 | Val Loss: 0.1974 | Best Val Loss: 0.1955
2025-05-25 14:29:11,472 - INFO - --------------------------------------------------
2025-05-25 14:29:18,960 - INFO - Step 4762 | Batch 10/176 | Train Loss: 0.0844 | LR: 1.00e-04
2025-05-25 14:29:27,622 - INFO - Step 4772 | Batch 20/176 | Train Loss: 0.1632 | LR: 1.00e-04
2025-05-25 14:29:34,987 - INFO - Step 4782 | Batch 30/176 | Train Loss: 0.2834 | LR: 1.00e-04
2025-05-25 14:29:42,547 - INFO - Step 4792 | Batch 40/176 | Train Loss: 0.2959 | LR: 1.00e-04
2025-05-25 14:29:50,012 - INFO - Step 4802 | Batch 50/176 | Train Loss: 1.8315 | LR: 1.00e-04
2025-05-25 14:29:57,480 - INFO - Step 4812 | Batch 60/176 | Train Loss: 0.1592 | LR: 1.00e-04
2025-05-25 14:30:04,887 - INFO - Step 4822 | Batch 70/176 | Train Loss: 0.1825 | LR: 1.00e-04
2025-05-25 14:30:13,247 - INFO - Step 4832 | Batch 80/176 | Train Loss: 0.0935 | LR: 1.00e-04
2025-05-25 14:30:23,273 - INFO - Step 4842 | Batch 90/176 | Train Loss: 0.2549 | LR: 1.00e-04
2025-05-25 14:30:31,091 - INFO - Step 4852 | Batch 100/176 | Train Loss: 0.1071 | LR: 1.00e-04
2025-05-25 14:30:38,510 - INFO - Step 4862 | Batch 110/176 | Train Loss: 0.0651 | LR: 1.00e-04
2025-05-25 14:30:45,935 - INFO - Step 4872 | Batch 120/176 | Train Loss: 0.2840 | LR: 1.00e-04
2025-05-25 14:30:53,312 - INFO - Step 4882 | Batch 130/176 | Train Loss: 0.0301 | LR: 1.00e-04
2025-05-25 14:31:00,666 - INFO - Step 4892 | Batch 140/176 | Train Loss: 0.0689 | LR: 1.00e-04
2025-05-25 14:31:08,176 - INFO - Step 4902 | Batch 150/176 | Train Loss: 0.0546 | LR: 1.00e-04
2025-05-25 14:31:15,619 - INFO - Step 4912 | Batch 160/176 | Train Loss: 0.3865 | LR: 1.00e-04
2025-05-25 14:31:24,413 - INFO - Step 4922 | Batch 170/176 | Train Loss: 0.0083 | LR: 1.00e-04
2025-05-25 14:31:49,674 - INFO - Validation Loss: 0.1504
2025-05-25 14:31:51,170 - INFO - New best model saved with val_loss: 0.1617
2025-05-25 14:31:51,172 - INFO - Epoch 28/50 Summary:
2025-05-25 14:31:51,172 - INFO - Train Loss: 0.1549 | Val Loss: 0.1617 | Best Val Loss: 0.1617
2025-05-25 14:31:51,172 - INFO - --------------------------------------------------
2025-05-25 14:31:58,224 - INFO - Step 4938 | Batch 10/176 | Train Loss: 0.3277 | LR: 1.00e-04
2025-05-25 14:32:05,731 - INFO - Step 4948 | Batch 20/176 | Train Loss: 0.2676 | LR: 1.00e-04
2025-05-25 14:32:13,145 - INFO - Step 4958 | Batch 30/176 | Train Loss: 0.0200 | LR: 1.00e-04
2025-05-25 14:32:20,666 - INFO - Step 4968 | Batch 40/176 | Train Loss: 0.3204 | LR: 1.00e-04
2025-05-25 14:32:28,896 - INFO - Step 4978 | Batch 50/176 | Train Loss: 0.0405 | LR: 1.00e-04
2025-05-25 14:32:36,292 - INFO - Step 4988 | Batch 60/176 | Train Loss: 0.2440 | LR: 1.00e-04
2025-05-25 14:32:43,846 - INFO - Step 4998 | Batch 70/176 | Train Loss: 0.0935 | LR: 1.00e-04
2025-05-25 14:32:51,106 - INFO - Step 5008 | Batch 80/176 | Train Loss: 0.0041 | LR: 1.00e-04
2025-05-25 14:32:58,594 - INFO - Step 5018 | Batch 90/176 | Train Loss: 0.3050 | LR: 1.00e-04
2025-05-25 14:33:06,054 - INFO - Step 5028 | Batch 100/176 | Train Loss: 0.2368 | LR: 1.00e-04
2025-05-25 14:33:13,620 - INFO - Step 5038 | Batch 110/176 | Train Loss: 0.0738 | LR: 1.00e-04
2025-05-25 14:33:21,983 - INFO - Step 5048 | Batch 120/176 | Train Loss: 0.0053 | LR: 1.00e-04
2025-05-25 14:33:29,972 - INFO - Step 5058 | Batch 130/176 | Train Loss: 0.0534 | LR: 1.00e-04
2025-05-25 14:33:37,405 - INFO - Step 5068 | Batch 140/176 | Train Loss: 0.0361 | LR: 1.00e-04
2025-05-25 14:33:44,627 - INFO - Step 5078 | Batch 150/176 | Train Loss: 0.0067 | LR: 1.00e-04
2025-05-25 14:33:51,920 - INFO - Step 5088 | Batch 160/176 | Train Loss: 0.0080 | LR: 1.00e-04
2025-05-25 14:33:59,339 - INFO - Step 5098 | Batch 170/176 | Train Loss: 0.0369 | LR: 1.00e-04
2025-05-25 14:34:27,476 - INFO - Validation Loss: 0.2687
2025-05-25 14:34:27,637 - INFO - Epoch 29/50 Summary:
2025-05-25 14:34:27,638 - INFO - Train Loss: 0.1978 | Val Loss: 0.2608 | Best Val Loss: 0.1617
2025-05-25 14:34:27,638 - INFO - --------------------------------------------------
2025-05-25 14:34:35,094 - INFO - Step 5114 | Batch 10/176 | Train Loss: 0.0274 | LR: 1.00e-04
2025-05-25 14:34:42,540 - INFO - Step 5124 | Batch 20/176 | Train Loss: 0.2016 | LR: 1.00e-04
2025-05-25 14:34:50,080 - INFO - Step 5134 | Batch 30/176 | Train Loss: 0.0217 | LR: 1.00e-04
2025-05-25 14:34:57,458 - INFO - Step 5144 | Batch 40/176 | Train Loss: 0.0130 | LR: 1.00e-04
2025-05-25 14:35:04,912 - INFO - Step 5154 | Batch 50/176 | Train Loss: 0.0591 | LR: 1.00e-04
2025-05-25 14:35:12,585 - INFO - Step 5164 | Batch 60/176 | Train Loss: 0.0077 | LR: 1.00e-04
2025-05-25 14:35:20,766 - INFO - Step 5174 | Batch 70/176 | Train Loss: 0.0003 | LR: 1.00e-04
2025-05-25 14:35:29,339 - INFO - Step 5184 | Batch 80/176 | Train Loss: 0.0808 | LR: 1.00e-04
2025-05-25 14:35:36,723 - INFO - Step 5194 | Batch 90/176 | Train Loss: 0.4450 | LR: 1.00e-04
2025-05-25 14:35:43,807 - INFO - Step 5204 | Batch 100/176 | Train Loss: 0.2023 | LR: 1.00e-04
2025-05-25 14:35:51,303 - INFO - Step 5214 | Batch 110/176 | Train Loss: 0.1090 | LR: 1.00e-04
2025-05-25 14:35:58,744 - INFO - Step 5224 | Batch 120/176 | Train Loss: 0.0376 | LR: 1.00e-04
2025-05-25 14:36:06,217 - INFO - Step 5234 | Batch 130/176 | Train Loss: 0.2435 | LR: 1.00e-04
2025-05-25 14:36:13,646 - INFO - Step 5244 | Batch 140/176 | Train Loss: 0.1603 | LR: 1.00e-04
2025-05-25 14:36:22,515 - INFO - Step 5254 | Batch 150/176 | Train Loss: 0.0266 | LR: 1.00e-04
2025-05-25 14:36:30,443 - INFO - Step 5264 | Batch 160/176 | Train Loss: 0.1059 | LR: 1.00e-04
2025-05-25 14:36:38,565 - INFO - Step 5274 | Batch 170/176 | Train Loss: 0.0004 | LR: 1.00e-04
2025-05-25 14:37:07,898 - INFO - Validation Loss: 0.1144
2025-05-25 14:37:09,455 - INFO - New best model saved with val_loss: 0.1418
2025-05-25 14:37:09,456 - INFO - Epoch 30/50 Summary:
2025-05-25 14:37:09,456 - INFO - Train Loss: 0.1518 | Val Loss: 0.1418 | Best Val Loss: 0.1418
2025-05-25 14:37:09,456 - INFO - --------------------------------------------------
2025-05-25 14:37:16,949 - INFO - Step 5290 | Batch 10/176 | Train Loss: 0.0382 | LR: 1.00e-04
2025-05-25 14:37:26,008 - INFO - Step 5300 | Batch 20/176 | Train Loss: 0.0451 | LR: 1.00e-04
2025-05-25 14:37:33,407 - INFO - Step 5310 | Batch 30/176 | Train Loss: 0.2522 | LR: 1.00e-04
2025-05-25 14:37:40,869 - INFO - Step 5320 | Batch 40/176 | Train Loss: 0.0794 | LR: 1.00e-04
2025-05-25 14:37:48,342 - INFO - Step 5330 | Batch 50/176 | Train Loss: 0.0796 | LR: 1.00e-04
2025-05-25 14:37:55,704 - INFO - Step 5340 | Batch 60/176 | Train Loss: 0.4743 | LR: 1.00e-04
2025-05-25 14:38:03,128 - INFO - Step 5350 | Batch 70/176 | Train Loss: 0.0390 | LR: 1.00e-04
2025-05-25 14:38:10,396 - INFO - Step 5360 | Batch 80/176 | Train Loss: 0.0377 | LR: 1.00e-04
2025-05-25 14:38:17,701 - INFO - Step 5370 | Batch 90/176 | Train Loss: 0.0574 | LR: 1.00e-04
2025-05-25 14:38:26,575 - INFO - Step 5380 | Batch 100/176 | Train Loss: 0.0045 | LR: 1.00e-04
2025-05-25 14:38:34,039 - INFO - Step 5390 | Batch 110/176 | Train Loss: 0.0582 | LR: 1.00e-04
2025-05-25 14:38:41,399 - INFO - Step 5400 | Batch 120/176 | Train Loss: 0.1292 | LR: 1.00e-04
2025-05-25 14:38:48,927 - INFO - Step 5410 | Batch 130/176 | Train Loss: 0.1701 | LR: 1.00e-04
2025-05-25 14:38:56,381 - INFO - Step 5420 | Batch 140/176 | Train Loss: 0.3921 | LR: 1.00e-04
2025-05-25 14:39:03,954 - INFO - Step 5430 | Batch 150/176 | Train Loss: 0.1617 | LR: 1.00e-04
2025-05-25 14:39:11,509 - INFO - Step 5440 | Batch 160/176 | Train Loss: 0.1721 | LR: 1.00e-04
2025-05-25 14:39:19,289 - INFO - Step 5450 | Batch 170/176 | Train Loss: 0.0082 | LR: 1.00e-04
2025-05-25 14:39:46,122 - INFO - Validation Loss: 0.1537
2025-05-25 14:39:46,216 - INFO - Epoch 31/50 Summary:
2025-05-25 14:39:46,216 - INFO - Train Loss: 0.1519 | Val Loss: 0.1958 | Best Val Loss: 0.1418
2025-05-25 14:39:46,216 - INFO - --------------------------------------------------
2025-05-25 14:39:53,708 - INFO - Step 5466 | Batch 10/176 | Train Loss: 0.3152 | LR: 1.00e-04
2025-05-25 14:40:01,113 - INFO - Step 5476 | Batch 20/176 | Train Loss: 0.0349 | LR: 1.00e-04
2025-05-25 14:40:08,675 - INFO - Step 5486 | Batch 30/176 | Train Loss: 0.0063 | LR: 1.00e-04
2025-05-25 14:40:16,074 - INFO - Step 5496 | Batch 40/176 | Train Loss: 0.0685 | LR: 1.00e-04
2025-05-25 14:40:24,826 - INFO - Step 5506 | Batch 50/176 | Train Loss: 0.0737 | LR: 1.00e-04
2025-05-25 14:40:32,288 - INFO - Step 5516 | Batch 60/176 | Train Loss: 0.1448 | LR: 1.00e-04
2025-05-25 14:40:39,676 - INFO - Step 5526 | Batch 70/176 | Train Loss: 0.2751 | LR: 1.00e-04
2025-05-25 14:40:47,147 - INFO - Step 5536 | Batch 80/176 | Train Loss: 0.0100 | LR: 1.00e-04
2025-05-25 14:40:54,637 - INFO - Step 5546 | Batch 90/176 | Train Loss: 0.2146 | LR: 1.00e-04
2025-05-25 14:41:01,971 - INFO - Step 5556 | Batch 100/176 | Train Loss: 0.1537 | LR: 1.00e-04
2025-05-25 14:41:09,243 - INFO - Step 5566 | Batch 110/176 | Train Loss: 0.2538 | LR: 1.00e-04
2025-05-25 14:41:16,701 - INFO - Step 5576 | Batch 120/176 | Train Loss: 0.1764 | LR: 1.00e-04
2025-05-25 14:41:25,539 - INFO - Step 5586 | Batch 130/176 | Train Loss: 0.0942 | LR: 1.00e-04
2025-05-25 14:41:32,978 - INFO - Step 5596 | Batch 140/176 | Train Loss: 0.0192 | LR: 1.00e-04
2025-05-25 14:41:40,414 - INFO - Step 5606 | Batch 150/176 | Train Loss: 0.2539 | LR: 1.00e-04
2025-05-25 14:41:47,838 - INFO - Step 5616 | Batch 160/176 | Train Loss: 0.1442 | LR: 1.00e-04
2025-05-25 14:41:55,296 - INFO - Step 5626 | Batch 170/176 | Train Loss: 0.0028 | LR: 1.00e-04
2025-05-25 14:42:23,710 - INFO - Validation Loss: 0.1844
2025-05-25 14:42:23,755 - INFO - Epoch 32/50 Summary:
2025-05-25 14:42:23,755 - INFO - Train Loss: 0.2032 | Val Loss: 0.2048 | Best Val Loss: 0.1418
2025-05-25 14:42:23,755 - INFO - --------------------------------------------------
2025-05-25 14:42:30,994 - INFO - Step 5642 | Batch 10/176 | Train Loss: 0.1599 | LR: 1.00e-04
2025-05-25 14:42:38,379 - INFO - Step 5652 | Batch 20/176 | Train Loss: 0.0170 | LR: 1.00e-04
2025-05-25 14:42:45,743 - INFO - Step 5662 | Batch 30/176 | Train Loss: 0.1005 | LR: 1.00e-04
2025-05-25 14:42:53,231 - INFO - Step 5672 | Batch 40/176 | Train Loss: 0.0952 | LR: 1.00e-04
2025-05-25 14:43:00,774 - INFO - Step 5682 | Batch 50/176 | Train Loss: 0.0040 | LR: 1.00e-04
2025-05-25 14:43:08,391 - INFO - Step 5692 | Batch 60/176 | Train Loss: 0.2533 | LR: 1.00e-04
2025-05-25 14:43:15,853 - INFO - Step 5702 | Batch 70/176 | Train Loss: 0.1342 | LR: 1.00e-04
2025-05-25 14:43:24,830 - INFO - Step 5712 | Batch 80/176 | Train Loss: 0.1570 | LR: 1.00e-04
2025-05-25 14:43:32,274 - INFO - Step 5722 | Batch 90/176 | Train Loss: 0.0463 | LR: 1.00e-04
2025-05-25 14:43:39,643 - INFO - Step 5732 | Batch 100/176 | Train Loss: 0.0035 | LR: 1.00e-04
2025-05-25 14:43:47,031 - INFO - Step 5742 | Batch 110/176 | Train Loss: 0.0491 | LR: 1.00e-04
2025-05-25 14:43:54,345 - INFO - Step 5752 | Batch 120/176 | Train Loss: 0.0125 | LR: 1.00e-04
2025-05-25 14:44:01,743 - INFO - Step 5762 | Batch 130/176 | Train Loss: 0.0291 | LR: 1.00e-04
2025-05-25 14:44:09,169 - INFO - Step 5772 | Batch 140/176 | Train Loss: 0.1494 | LR: 1.00e-04
2025-05-25 14:44:16,469 - INFO - Step 5782 | Batch 150/176 | Train Loss: 0.0932 | LR: 1.00e-04
2025-05-25 14:44:25,303 - INFO - Step 5792 | Batch 160/176 | Train Loss: 0.5427 | LR: 1.00e-04
2025-05-25 14:44:32,674 - INFO - Step 5802 | Batch 170/176 | Train Loss: 0.0620 | LR: 1.00e-04
2025-05-25 14:44:59,288 - INFO - Validation Loss: 0.2055
2025-05-25 14:44:59,473 - INFO - Epoch 33/50 Summary:
2025-05-25 14:44:59,474 - INFO - Train Loss: 0.1482 | Val Loss: 0.2350 | Best Val Loss: 0.1418
2025-05-25 14:44:59,474 - INFO - --------------------------------------------------
2025-05-25 14:45:07,289 - INFO - Step 5818 | Batch 10/176 | Train Loss: 0.5455 | LR: 1.00e-04
2025-05-25 14:45:15,185 - INFO - Step 5828 | Batch 20/176 | Train Loss: 0.0022 | LR: 1.00e-04
2025-05-25 14:45:24,485 - INFO - Step 5838 | Batch 30/176 | Train Loss: 0.6030 | LR: 1.00e-04
2025-05-25 14:45:32,088 - INFO - Step 5848 | Batch 40/176 | Train Loss: 0.1120 | LR: 1.00e-04
2025-05-25 14:45:39,487 - INFO - Step 5858 | Batch 50/176 | Train Loss: 0.0434 | LR: 1.00e-04
2025-05-25 14:45:47,060 - INFO - Step 5868 | Batch 60/176 | Train Loss: 0.0337 | LR: 1.00e-04
2025-05-25 14:45:54,450 - INFO - Step 5878 | Batch 70/176 | Train Loss: 0.0903 | LR: 1.00e-04
2025-05-25 14:46:01,841 - INFO - Step 5888 | Batch 80/176 | Train Loss: 0.2607 | LR: 1.00e-04
2025-05-25 14:46:09,113 - INFO - Step 5898 | Batch 90/176 | Train Loss: 0.0369 | LR: 1.00e-04
2025-05-25 14:46:16,474 - INFO - Step 5908 | Batch 100/176 | Train Loss: 0.0585 | LR: 1.00e-04
2025-05-25 14:46:25,379 - INFO - Step 5918 | Batch 110/176 | Train Loss: 0.0841 | LR: 1.00e-04
2025-05-25 14:46:32,570 - INFO - Step 5928 | Batch 120/176 | Train Loss: 0.3381 | LR: 1.00e-04
2025-05-25 14:46:39,988 - INFO - Step 5938 | Batch 130/176 | Train Loss: 0.0308 | LR: 1.00e-04
2025-05-25 14:46:47,379 - INFO - Step 5948 | Batch 140/176 | Train Loss: 0.7101 | LR: 1.00e-04
2025-05-25 14:46:54,574 - INFO - Step 5958 | Batch 150/176 | Train Loss: 0.0971 | LR: 1.00e-04
2025-05-25 14:47:01,938 - INFO - Step 5968 | Batch 160/176 | Train Loss: 0.0164 | LR: 1.00e-04
2025-05-25 14:47:09,288 - INFO - Step 5978 | Batch 170/176 | Train Loss: 0.0102 | LR: 1.00e-04
2025-05-25 14:47:37,500 - INFO - Validation Loss: 0.1242
2025-05-25 14:47:38,890 - INFO - New best model saved with val_loss: 0.1319
2025-05-25 14:47:38,892 - INFO - Epoch 34/50 Summary:
2025-05-25 14:47:38,892 - INFO - Train Loss: 0.1706 | Val Loss: 0.1319 | Best Val Loss: 0.1319
2025-05-25 14:47:38,892 - INFO - --------------------------------------------------
2025-05-25 14:47:46,076 - INFO - Step 5994 | Batch 10/176 | Train Loss: 0.0442 | LR: 1.00e-04
2025-05-25 14:47:53,162 - INFO - Step 6004 | Batch 20/176 | Train Loss: 0.5896 | LR: 1.00e-04
2025-05-25 14:48:00,371 - INFO - Step 6014 | Batch 30/176 | Train Loss: 0.0466 | LR: 1.00e-04
2025-05-25 14:48:07,512 - INFO - Step 6024 | Batch 40/176 | Train Loss: 4.7671 | LR: 1.00e-04
2025-05-25 14:48:14,921 - INFO - Step 6034 | Batch 50/176 | Train Loss: 0.0067 | LR: 1.00e-04
2025-05-25 14:48:23,933 - INFO - Step 6044 | Batch 60/176 | Train Loss: 0.6390 | LR: 1.00e-04
2025-05-25 14:48:31,399 - INFO - Step 6054 | Batch 70/176 | Train Loss: 0.0732 | LR: 1.00e-04
2025-05-25 14:48:38,805 - INFO - Step 6064 | Batch 80/176 | Train Loss: 0.0046 | LR: 1.00e-04
2025-05-25 14:48:46,240 - INFO - Step 6074 | Batch 90/176 | Train Loss: 0.0486 | LR: 1.00e-04
2025-05-25 14:48:53,583 - INFO - Step 6084 | Batch 100/176 | Train Loss: 0.3555 | LR: 1.00e-04
2025-05-25 14:49:01,021 - INFO - Step 6094 | Batch 110/176 | Train Loss: 0.0199 | LR: 1.00e-04
2025-05-25 14:49:08,578 - INFO - Step 6104 | Batch 120/176 | Train Loss: 0.0906 | LR: 1.00e-04
2025-05-25 14:49:15,911 - INFO - Step 6114 | Batch 130/176 | Train Loss: 0.0056 | LR: 1.00e-04
2025-05-25 14:49:24,441 - INFO - Step 6124 | Batch 140/176 | Train Loss: 0.0537 | LR: 1.00e-04
2025-05-25 14:49:31,826 - INFO - Step 6134 | Batch 150/176 | Train Loss: 0.0081 | LR: 1.00e-04
2025-05-25 14:49:38,898 - INFO - Step 6144 | Batch 160/176 | Train Loss: 0.0533 | LR: 1.00e-04
2025-05-25 14:49:46,167 - INFO - Step 6154 | Batch 170/176 | Train Loss: 0.1834 | LR: 1.00e-04
2025-05-25 14:50:12,943 - INFO - Validation Loss: 0.1831
2025-05-25 14:50:12,951 - INFO - Epoch 35/50 Summary:
2025-05-25 14:50:12,951 - INFO - Train Loss: 0.1504 | Val Loss: 0.1818 | Best Val Loss: 0.1319
2025-05-25 14:50:12,952 - INFO - --------------------------------------------------
2025-05-25 14:50:20,812 - INFO - Step 6170 | Batch 10/176 | Train Loss: 0.1825 | LR: 1.00e-04
2025-05-25 14:50:29,006 - INFO - Step 6180 | Batch 20/176 | Train Loss: 0.0964 | LR: 1.00e-04
2025-05-25 14:50:36,344 - INFO - Step 6190 | Batch 30/176 | Train Loss: 0.0066 | LR: 1.00e-04
2025-05-25 14:50:43,935 - INFO - Step 6200 | Batch 40/176 | Train Loss: 0.0000 | LR: 1.00e-04
2025-05-25 14:50:51,357 - INFO - Step 6210 | Batch 50/176 | Train Loss: 0.0524 | LR: 1.00e-04
2025-05-25 14:50:58,738 - INFO - Step 6220 | Batch 60/176 | Train Loss: 0.3345 | LR: 1.00e-04
2025-05-25 14:51:06,109 - INFO - Step 6230 | Batch 70/176 | Train Loss: 0.0113 | LR: 1.00e-04
2025-05-25 14:51:13,561 - INFO - Step 6240 | Batch 80/176 | Train Loss: 0.1798 | LR: 1.00e-04
2025-05-25 14:51:21,750 - INFO - Step 6250 | Batch 90/176 | Train Loss: 0.0605 | LR: 1.00e-04
2025-05-25 14:51:29,746 - INFO - Step 6260 | Batch 100/176 | Train Loss: 0.4229 | LR: 1.00e-04
2025-05-25 14:51:37,089 - INFO - Step 6270 | Batch 110/176 | Train Loss: 0.4871 | LR: 1.00e-04
2025-05-25 14:51:44,403 - INFO - Step 6280 | Batch 120/176 | Train Loss: 0.0714 | LR: 1.00e-04
2025-05-25 14:51:51,856 - INFO - Step 6290 | Batch 130/176 | Train Loss: 0.0230 | LR: 1.00e-04
2025-05-25 14:51:59,064 - INFO - Step 6300 | Batch 140/176 | Train Loss: 0.3255 | LR: 1.00e-04
2025-05-25 14:52:06,366 - INFO - Step 6310 | Batch 150/176 | Train Loss: 0.1040 | LR: 1.00e-04
2025-05-25 14:52:13,738 - INFO - Step 6320 | Batch 160/176 | Train Loss: 0.1486 | LR: 1.00e-04
2025-05-25 14:52:22,312 - INFO - Step 6330 | Batch 170/176 | Train Loss: 0.0170 | LR: 1.00e-04
2025-05-25 14:52:51,060 - INFO - Validation Loss: 0.1438
2025-05-25 14:52:51,070 - INFO - Epoch 36/50 Summary:
2025-05-25 14:52:51,071 - INFO - Train Loss: 0.1176 | Val Loss: 0.1520 | Best Val Loss: 0.1319
2025-05-25 14:52:51,071 - INFO - --------------------------------------------------
2025-05-25 14:52:58,845 - INFO - Step 6346 | Batch 10/176 | Train Loss: 0.0141 | LR: 1.00e-04
2025-05-25 14:53:06,680 - INFO - Step 6356 | Batch 20/176 | Train Loss: 0.2891 | LR: 1.00e-04
2025-05-25 14:53:14,480 - INFO - Step 6366 | Batch 30/176 | Train Loss: 0.1270 | LR: 1.00e-04
2025-05-25 14:53:23,017 - INFO - Step 6376 | Batch 40/176 | Train Loss: 0.0901 | LR: 1.00e-04
2025-05-25 14:53:30,822 - INFO - Step 6386 | Batch 50/176 | Train Loss: 0.0284 | LR: 1.00e-04
2025-05-25 14:53:38,225 - INFO - Step 6396 | Batch 60/176 | Train Loss: 0.0771 | LR: 1.00e-04
2025-05-25 14:53:45,807 - INFO - Step 6406 | Batch 70/176 | Train Loss: 0.0093 | LR: 1.00e-04
2025-05-25 14:53:53,197 - INFO - Step 6416 | Batch 80/176 | Train Loss: 0.0136 | LR: 1.00e-04
2025-05-25 14:54:00,491 - INFO - Step 6426 | Batch 90/176 | Train Loss: 0.3577 | LR: 1.00e-04
2025-05-25 14:54:07,966 - INFO - Step 6436 | Batch 100/176 | Train Loss: 0.0684 | LR: 1.00e-04
2025-05-25 14:54:15,372 - INFO - Step 6446 | Batch 110/176 | Train Loss: 0.2221 | LR: 1.00e-04
2025-05-25 14:54:24,163 - INFO - Step 6456 | Batch 120/176 | Train Loss: 0.8432 | LR: 1.00e-04
2025-05-25 14:54:31,689 - INFO - Step 6466 | Batch 130/176 | Train Loss: 0.0227 | LR: 1.00e-04
2025-05-25 14:54:39,050 - INFO - Step 6476 | Batch 140/176 | Train Loss: 0.3562 | LR: 1.00e-04
2025-05-25 14:54:46,365 - INFO - Step 6486 | Batch 150/176 | Train Loss: 0.0480 | LR: 1.00e-04
2025-05-25 14:54:53,579 - INFO - Step 6496 | Batch 160/176 | Train Loss: 0.0616 | LR: 1.00e-04
2025-05-25 14:55:00,954 - INFO - Step 6506 | Batch 170/176 | Train Loss: 0.0869 | LR: 1.00e-04
2025-05-25 14:55:29,341 - INFO - Validation Loss: 0.1428
2025-05-25 14:55:29,351 - INFO - Epoch 37/50 Summary:
2025-05-25 14:55:29,351 - INFO - Train Loss: 0.1328 | Val Loss: 0.1337 | Best Val Loss: 0.1319
2025-05-25 14:55:29,351 - INFO - --------------------------------------------------
2025-05-25 14:55:36,680 - INFO - Step 6522 | Batch 10/176 | Train Loss: 0.0435 | LR: 1.00e-04
2025-05-25 14:55:44,034 - INFO - Step 6532 | Batch 20/176 | Train Loss: 0.0973 | LR: 1.00e-04
2025-05-25 14:55:51,446 - INFO - Step 6542 | Batch 30/176 | Train Loss: 0.0085 | LR: 1.00e-04
2025-05-25 14:55:58,657 - INFO - Step 6552 | Batch 40/176 | Train Loss: 0.0017 | LR: 1.00e-04
2025-05-25 14:56:06,167 - INFO - Step 6562 | Batch 50/176 | Train Loss: 0.1747 | LR: 1.00e-04
2025-05-25 14:56:13,528 - INFO - Step 6572 | Batch 60/176 | Train Loss: 0.3311 | LR: 1.00e-04
2025-05-25 14:56:21,704 - INFO - Step 6582 | Batch 70/176 | Train Loss: 0.2087 | LR: 1.00e-04
2025-05-25 14:56:29,647 - INFO - Step 6592 | Batch 80/176 | Train Loss: 0.0466 | LR: 1.00e-04
2025-05-25 14:56:36,975 - INFO - Step 6602 | Batch 90/176 | Train Loss: 0.0455 | LR: 1.00e-04
2025-05-25 14:56:44,328 - INFO - Step 6612 | Batch 100/176 | Train Loss: 0.1803 | LR: 1.00e-04
2025-05-25 14:56:51,586 - INFO - Step 6622 | Batch 110/176 | Train Loss: 0.1049 | LR: 1.00e-04
2025-05-25 14:56:58,964 - INFO - Step 6632 | Batch 120/176 | Train Loss: 0.2407 | LR: 1.00e-04
2025-05-25 14:57:06,285 - INFO - Step 6642 | Batch 130/176 | Train Loss: 0.2158 | LR: 1.00e-04
2025-05-25 14:57:13,795 - INFO - Step 6652 | Batch 140/176 | Train Loss: 0.0551 | LR: 1.00e-04
2025-05-25 14:57:21,580 - INFO - Step 6662 | Batch 150/176 | Train Loss: 0.0068 | LR: 1.00e-04
2025-05-25 14:57:29,654 - INFO - Step 6672 | Batch 160/176 | Train Loss: 0.1376 | LR: 1.00e-04
2025-05-25 14:57:36,931 - INFO - Step 6682 | Batch 170/176 | Train Loss: 0.2238 | LR: 1.00e-04
2025-05-25 14:58:03,567 - INFO - Validation Loss: 0.1478
2025-05-25 14:58:03,575 - INFO - Epoch 38/50 Summary:
2025-05-25 14:58:03,575 - INFO - Train Loss: 0.1226 | Val Loss: 0.1579 | Best Val Loss: 0.1319
2025-05-25 14:58:03,575 - INFO - --------------------------------------------------
2025-05-25 14:58:11,025 - INFO - Step 6698 | Batch 10/176 | Train Loss: 0.0359 | LR: 1.00e-04
2025-05-25 14:58:18,389 - INFO - Step 6708 | Batch 20/176 | Train Loss: 0.0541 | LR: 1.00e-04
2025-05-25 14:58:27,371 - INFO - Step 6718 | Batch 30/176 | Train Loss: 0.0686 | LR: 1.00e-04
2025-05-25 14:58:34,750 - INFO - Step 6728 | Batch 40/176 | Train Loss: 0.0709 | LR: 1.00e-04
2025-05-25 14:58:41,947 - INFO - Step 6738 | Batch 50/176 | Train Loss: 0.0020 | LR: 1.00e-04
2025-05-25 14:58:49,108 - INFO - Step 6748 | Batch 60/176 | Train Loss: 0.0406 | LR: 1.00e-04
2025-05-25 14:58:56,366 - INFO - Step 6758 | Batch 70/176 | Train Loss: 0.0558 | LR: 1.00e-04
2025-05-25 14:59:03,608 - INFO - Step 6768 | Batch 80/176 | Train Loss: 0.0938 | LR: 1.00e-04
2025-05-25 14:59:10,838 - INFO - Step 6778 | Batch 90/176 | Train Loss: 0.0059 | LR: 1.00e-04
2025-05-25 14:59:18,101 - INFO - Step 6788 | Batch 100/176 | Train Loss: 0.0075 | LR: 1.00e-04
2025-05-25 14:59:27,017 - INFO - Step 6798 | Batch 110/176 | Train Loss: 0.0675 | LR: 1.00e-04
2025-05-25 14:59:34,421 - INFO - Step 6808 | Batch 120/176 | Train Loss: 0.1319 | LR: 1.00e-04
2025-05-25 14:59:41,865 - INFO - Step 6818 | Batch 130/176 | Train Loss: 0.0236 | LR: 1.00e-04
2025-05-25 14:59:49,294 - INFO - Step 6828 | Batch 140/176 | Train Loss: 0.0492 | LR: 1.00e-04
2025-05-25 14:59:56,538 - INFO - Step 6838 | Batch 150/176 | Train Loss: 0.1033 | LR: 1.00e-04
2025-05-25 15:00:04,181 - INFO - Step 6848 | Batch 160/176 | Train Loss: 0.0337 | LR: 1.00e-04
2025-05-25 15:00:11,874 - INFO - Step 6858 | Batch 170/176 | Train Loss: 0.4411 | LR: 1.00e-04
2025-05-25 15:00:41,917 - INFO - Validation Loss: 0.3971
2025-05-25 15:00:41,960 - INFO - Epoch 39/50 Summary:
2025-05-25 15:00:41,960 - INFO - Train Loss: 0.1442 | Val Loss: 0.4355 | Best Val Loss: 0.1319
2025-05-25 15:00:41,960 - INFO - --------------------------------------------------
2025-05-25 15:00:49,310 - INFO - Step 6874 | Batch 10/176 | Train Loss: 0.0033 | LR: 1.00e-04
2025-05-25 15:00:56,668 - INFO - Step 6884 | Batch 20/176 | Train Loss: 0.0311 | LR: 1.00e-04
2025-05-25 15:01:04,085 - INFO - Step 6894 | Batch 30/176 | Train Loss: 0.0120 | LR: 1.00e-04
2025-05-25 15:01:11,494 - INFO - Step 6904 | Batch 40/176 | Train Loss: 0.0950 | LR: 1.00e-04
2025-05-25 15:01:18,972 - INFO - Step 6914 | Batch 50/176 | Train Loss: 1.4110 | LR: 1.00e-04
2025-05-25 15:01:27,860 - INFO - Step 6924 | Batch 60/176 | Train Loss: 0.0654 | LR: 1.00e-04
2025-05-25 15:01:35,088 - INFO - Step 6934 | Batch 70/176 | Train Loss: 0.3560 | LR: 1.00e-04
2025-05-25 15:01:42,474 - INFO - Step 6944 | Batch 80/176 | Train Loss: 0.0367 | LR: 1.00e-04
2025-05-25 15:01:49,856 - INFO - Step 6954 | Batch 90/176 | Train Loss: 0.0480 | LR: 1.00e-04
2025-05-25 15:01:57,017 - INFO - Step 6964 | Batch 100/176 | Train Loss: 0.1449 | LR: 1.00e-04
2025-05-25 15:02:04,261 - INFO - Step 6974 | Batch 110/176 | Train Loss: 0.0212 | LR: 1.00e-04
2025-05-25 15:02:11,736 - INFO - Step 6984 | Batch 120/176 | Train Loss: 0.0295 | LR: 1.00e-04
2025-05-25 15:02:19,327 - INFO - Step 6994 | Batch 130/176 | Train Loss: 0.0265 | LR: 1.00e-04
2025-05-25 15:02:28,084 - INFO - Step 7004 | Batch 140/176 | Train Loss: 0.0587 | LR: 1.00e-04
2025-05-25 15:02:35,526 - INFO - Step 7014 | Batch 150/176 | Train Loss: 0.0305 | LR: 1.00e-04
2025-05-25 15:02:43,040 - INFO - Step 7024 | Batch 160/176 | Train Loss: 0.0460 | LR: 1.00e-04
2025-05-25 15:02:50,349 - INFO - Step 7034 | Batch 170/176 | Train Loss: 0.0023 | LR: 1.00e-04
2025-05-25 15:03:15,526 - INFO - Validation Loss: 0.0960
2025-05-25 15:03:16,587 - INFO - New best model saved with val_loss: 0.1068
2025-05-25 15:03:16,587 - INFO - Epoch 40/50 Summary:
2025-05-25 15:03:16,588 - INFO - Train Loss: 0.1606 | Val Loss: 0.1068 | Best Val Loss: 0.1068
2025-05-25 15:03:16,588 - INFO - --------------------------------------------------
2025-05-25 15:03:25,079 - INFO - Step 7050 | Batch 10/176 | Train Loss: 0.0175 | LR: 1.00e-04
2025-05-25 15:03:33,019 - INFO - Step 7060 | Batch 20/176 | Train Loss: 0.0085 | LR: 1.00e-04
2025-05-25 15:03:41,101 - INFO - Step 7070 | Batch 30/176 | Train Loss: 0.0611 | LR: 1.00e-04
2025-05-25 15:03:49,036 - INFO - Step 7080 | Batch 40/176 | Train Loss: 0.0111 | LR: 1.00e-04
2025-05-25 15:03:56,715 - INFO - Step 7090 | Batch 50/176 | Train Loss: 0.0097 | LR: 1.00e-04
2025-05-25 15:04:04,298 - INFO - Step 7100 | Batch 60/176 | Train Loss: 0.0245 | LR: 1.00e-04
2025-05-25 15:04:11,774 - INFO - Step 7110 | Batch 70/176 | Train Loss: 0.1955 | LR: 1.00e-04
2025-05-25 15:04:19,328 - INFO - Step 7120 | Batch 80/176 | Train Loss: 0.0151 | LR: 1.00e-04
2025-05-25 15:04:27,910 - INFO - Step 7130 | Batch 90/176 | Train Loss: 0.0722 | LR: 1.00e-04
2025-05-25 15:04:35,160 - INFO - Step 7140 | Batch 100/176 | Train Loss: 0.0183 | LR: 1.00e-04
2025-05-25 15:04:42,503 - INFO - Step 7150 | Batch 110/176 | Train Loss: 0.0120 | LR: 1.00e-04
2025-05-25 15:04:49,825 - INFO - Step 7160 | Batch 120/176 | Train Loss: 0.0086 | LR: 1.00e-04
2025-05-25 15:04:57,004 - INFO - Step 7170 | Batch 130/176 | Train Loss: 0.0258 | LR: 1.00e-04
2025-05-25 15:05:04,168 - INFO - Step 7180 | Batch 140/176 | Train Loss: 0.0679 | LR: 1.00e-04
2025-05-25 15:05:11,562 - INFO - Step 7190 | Batch 150/176 | Train Loss: 0.0733 | LR: 1.00e-04
2025-05-25 15:05:19,309 - INFO - Step 7200 | Batch 160/176 | Train Loss: 0.1202 | LR: 1.00e-04
2025-05-25 15:05:28,208 - INFO - Step 7210 | Batch 170/176 | Train Loss: 0.0289 | LR: 1.00e-04
2025-05-25 15:05:54,216 - INFO - Validation Loss: 0.1096
2025-05-25 15:05:54,689 - INFO - Epoch 41/50 Summary:
2025-05-25 15:05:54,689 - INFO - Train Loss: 0.1170 | Val Loss: 0.1198 | Best Val Loss: 0.1068
2025-05-25 15:05:54,690 - INFO - --------------------------------------------------
2025-05-25 15:06:01,879 - INFO - Step 7226 | Batch 10/176 | Train Loss: 0.2160 | LR: 1.00e-04
2025-05-25 15:06:09,247 - INFO - Step 7236 | Batch 20/176 | Train Loss: 0.0241 | LR: 1.00e-04
2025-05-25 15:06:16,812 - INFO - Step 7246 | Batch 30/176 | Train Loss: 0.0418 | LR: 1.00e-04
2025-05-25 15:06:25,670 - INFO - Step 7256 | Batch 40/176 | Train Loss: 0.0369 | LR: 1.00e-04
2025-05-25 15:06:32,926 - INFO - Step 7266 | Batch 50/176 | Train Loss: 0.0623 | LR: 1.00e-04
2025-05-25 15:06:40,284 - INFO - Step 7276 | Batch 60/176 | Train Loss: 0.0190 | LR: 1.00e-04
2025-05-25 15:06:47,504 - INFO - Step 7286 | Batch 70/176 | Train Loss: 0.0659 | LR: 1.00e-04
2025-05-25 15:06:54,950 - INFO - Step 7296 | Batch 80/176 | Train Loss: 0.1382 | LR: 1.00e-04
2025-05-25 15:07:02,207 - INFO - Step 7306 | Batch 90/176 | Train Loss: 0.0690 | LR: 1.00e-04
2025-05-25 15:07:09,382 - INFO - Step 7316 | Batch 100/176 | Train Loss: 0.0125 | LR: 1.00e-04
2025-05-25 15:07:16,474 - INFO - Step 7326 | Batch 110/176 | Train Loss: 0.0541 | LR: 1.00e-04
2025-05-25 15:07:25,395 - INFO - Step 7336 | Batch 120/176 | Train Loss: 0.0132 | LR: 1.00e-04
2025-05-25 15:07:32,600 - INFO - Step 7346 | Batch 130/176 | Train Loss: 0.0638 | LR: 1.00e-04
2025-05-25 15:07:39,928 - INFO - Step 7356 | Batch 140/176 | Train Loss: 0.0026 | LR: 1.00e-04
2025-05-25 15:07:47,244 - INFO - Step 7366 | Batch 150/176 | Train Loss: 0.0262 | LR: 1.00e-04
2025-05-25 15:07:54,394 - INFO - Step 7376 | Batch 160/176 | Train Loss: 0.1463 | LR: 1.00e-04
2025-05-25 15:08:01,753 - INFO - Step 7386 | Batch 170/176 | Train Loss: 0.2097 | LR: 1.00e-04
2025-05-25 15:08:29,886 - INFO - Validation Loss: 0.1109
2025-05-25 15:08:30,363 - INFO - Epoch 42/50 Summary:
2025-05-25 15:08:30,363 - INFO - Train Loss: 0.1217 | Val Loss: 0.1282 | Best Val Loss: 0.1068
2025-05-25 15:08:30,363 - INFO - --------------------------------------------------
2025-05-25 15:08:37,458 - INFO - Step 7402 | Batch 10/176 | Train Loss: 0.0484 | LR: 1.00e-04
2025-05-25 15:08:44,741 - INFO - Step 7412 | Batch 20/176 | Train Loss: 0.0224 | LR: 1.00e-04
2025-05-25 15:08:51,920 - INFO - Step 7422 | Batch 30/176 | Train Loss: 0.0264 | LR: 1.00e-04
2025-05-25 15:08:59,194 - INFO - Step 7432 | Batch 40/176 | Train Loss: 0.0195 | LR: 1.00e-04
2025-05-25 15:09:06,428 - INFO - Step 7442 | Batch 50/176 | Train Loss: 1.2629 | LR: 1.00e-04
2025-05-25 15:09:13,783 - INFO - Step 7452 | Batch 60/176 | Train Loss: 0.0566 | LR: 1.00e-04
2025-05-25 15:09:21,817 - INFO - Step 7462 | Batch 70/176 | Train Loss: 0.0464 | LR: 1.00e-04
2025-05-25 15:09:29,808 - INFO - Step 7472 | Batch 80/176 | Train Loss: 0.1509 | LR: 1.00e-04
2025-05-25 15:09:37,061 - INFO - Step 7482 | Batch 90/176 | Train Loss: 0.1297 | LR: 1.00e-04
2025-05-25 15:09:44,338 - INFO - Step 7492 | Batch 100/176 | Train Loss: 0.0126 | LR: 1.00e-04
2025-05-25 15:09:51,671 - INFO - Step 7502 | Batch 110/176 | Train Loss: 0.1857 | LR: 1.00e-04
2025-05-25 15:09:58,995 - INFO - Step 7512 | Batch 120/176 | Train Loss: 0.6934 | LR: 1.00e-04
2025-05-25 15:10:06,314 - INFO - Step 7522 | Batch 130/176 | Train Loss: 0.3546 | LR: 1.00e-04
2025-05-25 15:10:13,880 - INFO - Step 7532 | Batch 140/176 | Train Loss: 0.0208 | LR: 1.00e-04
2025-05-25 15:10:22,539 - INFO - Step 7542 | Batch 150/176 | Train Loss: 0.0472 | LR: 1.00e-04
2025-05-25 15:10:30,502 - INFO - Step 7552 | Batch 160/176 | Train Loss: 0.4292 | LR: 1.00e-04
2025-05-25 15:10:37,536 - INFO - Step 7562 | Batch 170/176 | Train Loss: 0.0020 | LR: 1.00e-04
2025-05-25 15:11:02,940 - INFO - Validation Loss: 0.1558
2025-05-25 15:11:03,043 - INFO - Epoch 43/50 Summary:
2025-05-25 15:11:03,044 - INFO - Train Loss: 0.1513 | Val Loss: 0.1672 | Best Val Loss: 0.1068
2025-05-25 15:11:03,044 - INFO - --------------------------------------------------
2025-05-25 15:11:10,443 - INFO - Step 7578 | Batch 10/176 | Train Loss: 0.3572 | LR: 1.00e-04
2025-05-25 15:11:17,819 - INFO - Step 7588 | Batch 20/176 | Train Loss: 0.3083 | LR: 1.00e-04
2025-05-25 15:11:26,731 - INFO - Step 7598 | Batch 30/176 | Train Loss: 0.2789 | LR: 1.00e-04
2025-05-25 15:11:33,986 - INFO - Step 7608 | Batch 40/176 | Train Loss: 0.1865 | LR: 1.00e-04
2025-05-25 15:11:41,193 - INFO - Step 7618 | Batch 50/176 | Train Loss: 0.0060 | LR: 1.00e-04
2025-05-25 15:11:48,499 - INFO - Step 7628 | Batch 60/176 | Train Loss: 0.0311 | LR: 1.00e-04
2025-05-25 15:11:55,830 - INFO - Step 7638 | Batch 70/176 | Train Loss: 0.1696 | LR: 1.00e-04
2025-05-25 15:12:03,166 - INFO - Step 7648 | Batch 80/176 | Train Loss: 0.0956 | LR: 1.00e-04
2025-05-25 15:12:10,655 - INFO - Step 7658 | Batch 90/176 | Train Loss: 0.0026 | LR: 1.00e-04
2025-05-25 15:12:18,084 - INFO - Step 7668 | Batch 100/176 | Train Loss: 0.1450 | LR: 1.00e-04
2025-05-25 15:12:26,978 - INFO - Step 7678 | Batch 110/176 | Train Loss: 0.1347 | LR: 1.00e-04
2025-05-25 15:12:34,218 - INFO - Step 7688 | Batch 120/176 | Train Loss: 0.0143 | LR: 1.00e-04
2025-05-25 15:12:41,448 - INFO - Step 7698 | Batch 130/176 | Train Loss: 0.0638 | LR: 1.00e-04
2025-05-25 15:12:48,756 - INFO - Step 7708 | Batch 140/176 | Train Loss: 0.2016 | LR: 1.00e-04
2025-05-25 15:12:56,036 - INFO - Step 7718 | Batch 150/176 | Train Loss: 0.0417 | LR: 1.00e-04
2025-05-25 15:13:03,197 - INFO - Step 7728 | Batch 160/176 | Train Loss: 0.0594 | LR: 1.00e-04
2025-05-25 15:13:10,293 - INFO - Step 7738 | Batch 170/176 | Train Loss: 0.1095 | LR: 1.00e-04
2025-05-25 15:13:37,967 - INFO - Validation Loss: 0.1118
2025-05-25 15:13:38,185 - INFO - Epoch 44/50 Summary:
2025-05-25 15:13:38,186 - INFO - Train Loss: 0.1234 | Val Loss: 0.1146 | Best Val Loss: 0.1068
2025-05-25 15:13:38,186 - INFO - --------------------------------------------------
2025-05-25 15:13:45,610 - INFO - Step 7754 | Batch 10/176 | Train Loss: 0.7565 | LR: 1.00e-04
2025-05-25 15:13:52,965 - INFO - Step 7764 | Batch 20/176 | Train Loss: 0.2299 | LR: 1.00e-04
2025-05-25 15:14:00,193 - INFO - Step 7774 | Batch 30/176 | Train Loss: 0.1571 | LR: 1.00e-04
2025-05-25 15:14:07,389 - INFO - Step 7784 | Batch 40/176 | Train Loss: 0.0234 | LR: 1.00e-04
2025-05-25 15:14:14,787 - INFO - Step 7794 | Batch 50/176 | Train Loss: 0.2383 | LR: 1.00e-04
2025-05-25 15:14:23,460 - INFO - Step 7804 | Batch 60/176 | Train Loss: 0.0045 | LR: 1.00e-04
2025-05-25 15:14:30,994 - INFO - Step 7814 | Batch 70/176 | Train Loss: 0.1120 | LR: 1.00e-04
2025-05-25 15:14:38,302 - INFO - Step 7824 | Batch 80/176 | Train Loss: 0.0686 | LR: 1.00e-04
2025-05-25 15:14:45,608 - INFO - Step 7834 | Batch 90/176 | Train Loss: 0.0646 | LR: 1.00e-04
2025-05-25 15:14:52,966 - INFO - Step 7844 | Batch 100/176 | Train Loss: 0.0784 | LR: 1.00e-04
2025-05-25 15:15:00,337 - INFO - Step 7854 | Batch 110/176 | Train Loss: 0.0074 | LR: 1.00e-04
2025-05-25 15:15:07,583 - INFO - Step 7864 | Batch 120/176 | Train Loss: 0.3322 | LR: 1.00e-04
2025-05-25 15:15:15,409 - INFO - Step 7874 | Batch 130/176 | Train Loss: 0.1484 | LR: 1.00e-04
2025-05-25 15:15:24,577 - INFO - Step 7884 | Batch 140/176 | Train Loss: 0.0060 | LR: 1.00e-04
2025-05-25 15:15:31,933 - INFO - Step 7894 | Batch 150/176 | Train Loss: 0.0449 | LR: 1.00e-04
2025-05-25 15:15:39,104 - INFO - Step 7904 | Batch 160/176 | Train Loss: 0.3780 | LR: 1.00e-04
2025-05-25 15:15:46,447 - INFO - Step 7914 | Batch 170/176 | Train Loss: 0.0393 | LR: 1.00e-04
2025-05-25 15:16:11,942 - INFO - Validation Loss: 0.1150
2025-05-25 15:16:12,371 - INFO - Epoch 45/50 Summary:
2025-05-25 15:16:12,371 - INFO - Train Loss: 0.1141 | Val Loss: 0.1135 | Best Val Loss: 0.1068
2025-05-25 15:16:12,371 - INFO - --------------------------------------------------
2025-05-25 15:16:21,018 - INFO - Step 7930 | Batch 10/176 | Train Loss: 0.0086 | LR: 1.00e-04
2025-05-25 15:16:29,693 - INFO - Step 7940 | Batch 20/176 | Train Loss: 0.1824 | LR: 1.00e-04
2025-05-25 15:16:37,065 - INFO - Step 7950 | Batch 30/176 | Train Loss: 0.1044 | LR: 1.00e-04
2025-05-25 15:16:44,650 - INFO - Step 7960 | Batch 40/176 | Train Loss: 0.1620 | LR: 1.00e-04
2025-05-25 15:16:52,173 - INFO - Step 7970 | Batch 50/176 | Train Loss: 0.0056 | LR: 1.00e-04
2025-05-25 15:16:59,453 - INFO - Step 7980 | Batch 60/176 | Train Loss: 0.8121 | LR: 1.00e-04
2025-05-25 15:17:06,663 - INFO - Step 7990 | Batch 70/176 | Train Loss: 0.0339 | LR: 1.00e-04
2025-05-25 15:17:13,950 - INFO - Step 8000 | Batch 80/176 | Train Loss: 0.0576 | LR: 1.00e-04
2025-05-25 15:17:22,559 - INFO - Step 8010 | Batch 90/176 | Train Loss: 0.0566 | LR: 1.00e-04
2025-05-25 15:17:30,353 - INFO - Step 8020 | Batch 100/176 | Train Loss: 0.1211 | LR: 1.00e-04
2025-05-25 15:17:37,613 - INFO - Step 8030 | Batch 110/176 | Train Loss: 0.0276 | LR: 1.00e-04
2025-05-25 15:17:44,865 - INFO - Step 8040 | Batch 120/176 | Train Loss: 0.0615 | LR: 1.00e-04
2025-05-25 15:17:52,012 - INFO - Step 8050 | Batch 130/176 | Train Loss: 0.4046 | LR: 1.00e-04
2025-05-25 15:17:59,319 - INFO - Step 8060 | Batch 140/176 | Train Loss: 0.2439 | LR: 1.00e-04
2025-05-25 15:18:06,651 - INFO - Step 8070 | Batch 150/176 | Train Loss: 0.1070 | LR: 1.00e-04
2025-05-25 15:18:13,879 - INFO - Step 8080 | Batch 160/176 | Train Loss: 0.1705 | LR: 1.00e-04
2025-05-25 15:18:22,385 - INFO - Step 8090 | Batch 170/176 | Train Loss: 0.1520 | LR: 1.00e-04
2025-05-25 15:18:47,977 - INFO - Validation Loss: 0.1224
2025-05-25 15:18:48,195 - INFO - Epoch 46/50 Summary:
2025-05-25 15:18:48,195 - INFO - Train Loss: 0.1038 | Val Loss: 0.1405 | Best Val Loss: 0.1068
2025-05-25 15:18:48,195 - INFO - --------------------------------------------------
2025-05-25 15:18:55,528 - INFO - Step 8106 | Batch 10/176 | Train Loss: 0.0019 | LR: 1.00e-04
2025-05-25 15:19:02,626 - INFO - Step 8116 | Batch 20/176 | Train Loss: 0.0073 | LR: 1.00e-04
2025-05-25 15:19:10,094 - INFO - Step 8126 | Batch 30/176 | Train Loss: 0.1335 | LR: 1.00e-04
2025-05-25 15:19:17,286 - INFO - Step 8136 | Batch 40/176 | Train Loss: 0.0088 | LR: 1.00e-04
2025-05-25 15:19:26,062 - INFO - Step 8146 | Batch 50/176 | Train Loss: 0.0953 | LR: 1.00e-04
2025-05-25 15:19:33,369 - INFO - Step 8156 | Batch 60/176 | Train Loss: 0.0261 | LR: 1.00e-04
2025-05-25 15:19:40,553 - INFO - Step 8166 | Batch 70/176 | Train Loss: 0.0877 | LR: 1.00e-04
2025-05-25 15:19:47,817 - INFO - Step 8176 | Batch 80/176 | Train Loss: 0.1704 | LR: 1.00e-04
2025-05-25 15:19:55,169 - INFO - Step 8186 | Batch 90/176 | Train Loss: 0.0398 | LR: 1.00e-04
2025-05-25 15:20:02,537 - INFO - Step 8196 | Batch 100/176 | Train Loss: 0.1605 | LR: 1.00e-04
2025-05-25 15:20:09,793 - INFO - Step 8206 | Batch 110/176 | Train Loss: 0.0071 | LR: 1.00e-04
2025-05-25 15:20:17,258 - INFO - Step 8216 | Batch 120/176 | Train Loss: 0.0656 | LR: 1.00e-04
2025-05-25 15:20:25,952 - INFO - Step 8226 | Batch 130/176 | Train Loss: 0.2005 | LR: 1.00e-04
2025-05-25 15:20:33,456 - INFO - Step 8236 | Batch 140/176 | Train Loss: 0.0028 | LR: 1.00e-04
2025-05-25 15:20:40,803 - INFO - Step 8246 | Batch 150/176 | Train Loss: 0.0347 | LR: 1.00e-04
2025-05-25 15:20:48,122 - INFO - Step 8256 | Batch 160/176 | Train Loss: 0.0506 | LR: 1.00e-04
2025-05-25 15:20:55,481 - INFO - Step 8266 | Batch 170/176 | Train Loss: 0.0128 | LR: 1.00e-04
2025-05-25 15:21:23,875 - INFO - Validation Loss: 0.0928
2025-05-25 15:21:25,104 - INFO - New best model saved with val_loss: 0.1057
2025-05-25 15:21:25,107 - INFO - Epoch 47/50 Summary:
2025-05-25 15:21:25,107 - INFO - Train Loss: 0.1588 | Val Loss: 0.1057 | Best Val Loss: 0.1057
2025-05-25 15:21:25,107 - INFO - --------------------------------------------------
2025-05-25 15:21:32,135 - INFO - Step 8282 | Batch 10/176 | Train Loss: 0.1400 | LR: 1.00e-04
2025-05-25 15:21:39,443 - INFO - Step 8292 | Batch 20/176 | Train Loss: 0.0012 | LR: 1.00e-04
2025-05-25 15:21:46,837 - INFO - Step 8302 | Batch 30/176 | Train Loss: 0.0234 | LR: 1.00e-04
2025-05-25 15:21:53,977 - INFO - Step 8312 | Batch 40/176 | Train Loss: 0.0167 | LR: 1.00e-04
2025-05-25 15:22:01,236 - INFO - Step 8322 | Batch 50/176 | Train Loss: 0.1762 | LR: 1.00e-04
2025-05-25 15:22:08,614 - INFO - Step 8332 | Batch 60/176 | Train Loss: 0.0062 | LR: 1.00e-04
2025-05-25 15:22:16,052 - INFO - Step 8342 | Batch 70/176 | Train Loss: 1.5045 | LR: 1.00e-04
2025-05-25 15:22:25,028 - INFO - Step 8352 | Batch 80/176 | Train Loss: 0.0237 | LR: 1.00e-04
2025-05-25 15:22:32,451 - INFO - Step 8362 | Batch 90/176 | Train Loss: 0.0080 | LR: 1.00e-04
2025-05-25 15:22:39,896 - INFO - Step 8372 | Batch 100/176 | Train Loss: 0.0097 | LR: 1.00e-04
2025-05-25 15:22:47,234 - INFO - Step 8382 | Batch 110/176 | Train Loss: 0.0718 | LR: 1.00e-04
2025-05-25 15:22:54,617 - INFO - Step 8392 | Batch 120/176 | Train Loss: 0.1204 | LR: 1.00e-04
2025-05-25 15:23:01,817 - INFO - Step 8402 | Batch 130/176 | Train Loss: 0.1433 | LR: 1.00e-04
2025-05-25 15:23:08,917 - INFO - Step 8412 | Batch 140/176 | Train Loss: 0.0100 | LR: 1.00e-04
2025-05-25 15:23:16,156 - INFO - Step 8422 | Batch 150/176 | Train Loss: 0.0144 | LR: 1.00e-04
2025-05-25 15:23:24,902 - INFO - Step 8432 | Batch 160/176 | Train Loss: 0.1190 | LR: 1.00e-04
2025-05-25 15:23:32,194 - INFO - Step 8442 | Batch 170/176 | Train Loss: 0.7216 | LR: 1.00e-04
2025-05-25 15:23:58,552 - INFO - Validation Loss: 0.0887
2025-05-25 15:23:59,630 - INFO - New best model saved with val_loss: 0.1021
2025-05-25 15:23:59,631 - INFO - Epoch 48/50 Summary:
2025-05-25 15:23:59,632 - INFO - Train Loss: 0.1421 | Val Loss: 0.1021 | Best Val Loss: 0.1021
2025-05-25 15:23:59,632 - INFO - --------------------------------------------------
2025-05-25 15:24:06,955 - INFO - Step 8458 | Batch 10/176 | Train Loss: 0.0724 | LR: 1.00e-04
2025-05-25 15:24:14,364 - INFO - Step 8468 | Batch 20/176 | Train Loss: 0.1078 | LR: 1.00e-04
2025-05-25 15:24:22,989 - INFO - Step 8478 | Batch 30/176 | Train Loss: 0.0093 | LR: 1.00e-04
2025-05-25 15:24:30,808 - INFO - Step 8488 | Batch 40/176 | Train Loss: 0.1389 | LR: 1.00e-04
2025-05-25 15:24:38,060 - INFO - Step 8498 | Batch 50/176 | Train Loss: 0.0208 | LR: 1.00e-04
2025-05-25 15:24:45,099 - INFO - Step 8508 | Batch 60/176 | Train Loss: 0.1480 | LR: 1.00e-04
2025-05-25 15:24:52,430 - INFO - Step 8518 | Batch 70/176 | Train Loss: 0.0554 | LR: 1.00e-04
2025-05-25 15:24:59,774 - INFO - Step 8528 | Batch 80/176 | Train Loss: 0.0432 | LR: 1.00e-04
2025-05-25 15:25:07,068 - INFO - Step 8538 | Batch 90/176 | Train Loss: 0.0539 | LR: 1.00e-04
2025-05-25 15:25:14,517 - INFO - Step 8548 | Batch 100/176 | Train Loss: 0.3121 | LR: 1.00e-04
2025-05-25 15:25:23,535 - INFO - Step 8558 | Batch 110/176 | Train Loss: 0.0325 | LR: 1.00e-04
2025-05-25 15:25:30,978 - INFO - Step 8568 | Batch 120/176 | Train Loss: 0.0011 | LR: 1.00e-04
2025-05-25 15:25:38,491 - INFO - Step 8578 | Batch 130/176 | Train Loss: 0.1702 | LR: 1.00e-04
2025-05-25 15:25:46,210 - INFO - Step 8588 | Batch 140/176 | Train Loss: 0.2055 | LR: 1.00e-04
2025-05-25 15:25:53,967 - INFO - Step 8598 | Batch 150/176 | Train Loss: 0.8807 | LR: 1.00e-04
2025-05-25 15:26:01,664 - INFO - Step 8608 | Batch 160/176 | Train Loss: 0.0161 | LR: 1.00e-04
2025-05-25 15:26:09,342 - INFO - Step 8618 | Batch 170/176 | Train Loss: 0.0703 | LR: 1.00e-04
2025-05-25 15:26:36,989 - INFO - Validation Loss: 0.1290
2025-05-25 15:26:37,213 - INFO - Epoch 49/50 Summary:
2025-05-25 15:26:37,214 - INFO - Train Loss: 0.1123 | Val Loss: 0.1283 | Best Val Loss: 0.1021
2025-05-25 15:26:37,214 - INFO - --------------------------------------------------
2025-05-25 15:26:44,475 - INFO - Step 8634 | Batch 10/176 | Train Loss: 0.0427 | LR: 1.00e-04
2025-05-25 15:26:51,863 - INFO - Step 8644 | Batch 20/176 | Train Loss: 0.0530 | LR: 1.00e-04
2025-05-25 15:26:59,331 - INFO - Step 8654 | Batch 30/176 | Train Loss: 0.0002 | LR: 1.00e-04
2025-05-25 15:27:06,805 - INFO - Step 8664 | Batch 40/176 | Train Loss: 0.0681 | LR: 1.00e-04
2025-05-25 15:27:14,072 - INFO - Step 8674 | Batch 50/176 | Train Loss: 0.7510 | LR: 1.00e-04
2025-05-25 15:27:22,497 - INFO - Step 8684 | Batch 60/176 | Train Loss: 0.2099 | LR: 1.00e-04
2025-05-25 15:27:30,377 - INFO - Step 8694 | Batch 70/176 | Train Loss: 0.7251 | LR: 1.00e-04
2025-05-25 15:27:37,630 - INFO - Step 8704 | Batch 80/176 | Train Loss: 0.0496 | LR: 1.00e-04
2025-05-25 15:27:44,683 - INFO - Step 8714 | Batch 90/176 | Train Loss: 0.2045 | LR: 1.00e-04
2025-05-25 15:27:51,873 - INFO - Step 8724 | Batch 100/176 | Train Loss: 0.0245 | LR: 1.00e-04
2025-05-25 15:27:59,116 - INFO - Step 8734 | Batch 110/176 | Train Loss: 0.0338 | LR: 1.00e-04
2025-05-25 15:28:06,289 - INFO - Step 8744 | Batch 120/176 | Train Loss: 0.0375 | LR: 1.00e-04
2025-05-25 15:28:13,637 - INFO - Step 8754 | Batch 130/176 | Train Loss: 0.1683 | LR: 1.00e-04
2025-05-25 15:28:21,883 - INFO - Step 8764 | Batch 140/176 | Train Loss: 0.0180 | LR: 1.00e-04
2025-05-25 15:28:29,890 - INFO - Step 8774 | Batch 150/176 | Train Loss: 0.1870 | LR: 1.00e-04
2025-05-25 15:28:37,259 - INFO - Step 8784 | Batch 160/176 | Train Loss: 0.1706 | LR: 1.00e-04
2025-05-25 15:28:44,693 - INFO - Step 8794 | Batch 170/176 | Train Loss: 0.0526 | LR: 1.00e-04
2025-05-25 15:29:10,535 - INFO - Validation Loss: 0.0957
2025-05-25 15:29:10,851 - INFO - Epoch 50/50 Summary:
2025-05-25 15:29:10,851 - INFO - Train Loss: 0.0994 | Val Loss: 0.1073 | Best Val Loss: 0.1021
2025-05-25 15:29:10,851 - INFO - --------------------------------------------------
2025-05-25 15:29:11,326 - INFO - 损失和学习率曲线图已保存至: /home/zhongxinyu/capstone/HK/DeepLabV3Plus-Pytorch-master/train_loss_curves/0524_panorama_images1_gpu4_ep50_bs32_lr2e-5_20250525_131932_loss_lr_plot.png
2025-05-25 15:29:11,327 - INFO - 模型训练完成，最佳模型已保存为 /home/zhongxinyu/capstone/HK/DeepLabV3Plus-Pytorch-master/checkpoints/best_regression_model.pth
2025-05-25 15:29:11,327 - INFO - ==================================================
